<?xml version="1.0" encoding="UTF-8"?>
<coverage generated="1776803386876" clover="3.2.0">
  <project timestamp="1776803386876" name="All files">
    <metrics statements="375" coveredstatements="372" conditionals="138" coveredconditionals="122" methods="77" coveredmethods="66" elements="590" coveredelements="560" complexity="0" loc="375" ncloc="375" packages="5" files="21" classes="21"/>
    <package name="constants">
      <metrics statements="6" coveredstatements="6" conditionals="0" coveredconditionals="0" methods="0" coveredmethods="0"/>
      <file name="secrets-contants.ts" path="D:\Alonso\Proyectos\JS\Dolcelina\microservices\auth-microservice\src\constants\secrets-contants.ts">
        <metrics statements="5" coveredstatements="5" conditionals="0" coveredconditionals="0" methods="0" coveredmethods="0"/>
        <line num="1" count="6" type="stmt"/>
        <line num="2" count="6" type="stmt"/>
        <line num="3" count="6" type="stmt"/>
        <line num="4" count="6" type="stmt"/>
        <line num="5" count="6" type="stmt"/>
      </file>
      <file name="service-constants.ts" path="D:\Alonso\Proyectos\JS\Dolcelina\microservices\auth-microservice\src\constants\service-constants.ts">
        <metrics statements="1" coveredstatements="1" conditionals="0" coveredconditionals="0" methods="0" coveredmethods="0"/>
        <line num="1" count="1" type="stmt"/>
      </file>
    </package>
    <package name="controllers">
      <metrics statements="235" coveredstatements="233" conditionals="109" coveredconditionals="98" methods="44" coveredmethods="44"/>
      <file name="authentication.controller.ts" path="D:\Alonso\Proyectos\JS\Dolcelina\microservices\auth-microservice\src\controllers\authentication.controller.ts">
        <metrics statements="115" coveredstatements="114" conditionals="70" coveredconditionals="63" methods="22" coveredmethods="22"/>
        <line num="3" count="1" type="stmt"/>
        <line num="4" count="1" type="stmt"/>
        <line num="5" count="1" type="stmt"/>
        <line num="6" count="1" type="stmt"/>
        <line num="18" count="1" type="stmt"/>
        <line num="20" count="1" type="stmt"/>
        <line num="21" count="1" type="stmt"/>
        <line num="22" count="1" type="stmt"/>
        <line num="23" count="1" type="stmt"/>
        <line num="24" count="1" type="stmt"/>
        <line num="25" count="1" type="stmt"/>
        <line num="29" count="1" type="stmt"/>
        <line num="31" count="5" type="stmt"/>
        <line num="32" count="5" type="stmt"/>
        <line num="33" count="5" type="stmt"/>
        <line num="34" count="5" type="stmt"/>
        <line num="36" count="5" type="stmt"/>
        <line num="37" count="5" type="stmt"/>
        <line num="45" count="5" type="cond" truecount="1" falsecount="0"/>
        <line num="47" count="4" type="cond" truecount="1" falsecount="0"/>
        <line num="48" count="1" type="stmt"/>
        <line num="50" count="3" type="stmt"/>
        <line num="52" count="3" type="cond" truecount="1" falsecount="0"/>
        <line num="54" count="2" type="stmt"/>
        <line num="65" count="2" type="stmt"/>
        <line num="67" count="2" type="cond" truecount="0" falsecount="1"/>
        <line num="69" count="2" type="stmt"/>
        <line num="72" count="4" type="stmt"/>
        <line num="73" count="4" type="stmt"/>
        <line num="74" count="4" type="stmt"/>
        <line num="76" count="4" type="stmt"/>
        <line num="77" count="4" type="cond" truecount="1" falsecount="0"/>
        <line num="78" count="1" type="stmt"/>
        <line num="80" count="3" type="stmt"/>
        <line num="85" count="3" type="cond" truecount="1" falsecount="0"/>
        <line num="86" count="1" type="stmt"/>
        <line num="88" count="2" type="stmt"/>
        <line num="90" count="2" type="cond" truecount="2" falsecount="0"/>
        <line num="91" count="1" type="stmt"/>
        <line num="93" count="1" type="stmt"/>
        <line num="97" count="1" type="stmt"/>
        <line num="98" count="1" type="stmt"/>
        <line num="99" count="1" type="stmt"/>
        <line num="100" count="1" type="stmt"/>
        <line num="101" count="1" type="stmt"/>
        <line num="102" count="1" type="stmt"/>
        <line num="104" count="1" type="stmt"/>
        <line num="105" count="1" type="stmt"/>
        <line num="116" count="1" type="stmt"/>
        <line num="126" count="1" type="stmt"/>
        <line num="128" count="1" type="stmt"/>
        <line num="131" count="3" type="stmt"/>
        <line num="132" count="3" type="cond" truecount="8" falsecount="0"/>
        <line num="133" count="3" type="cond" truecount="1" falsecount="0"/>
        <line num="134" count="2" type="stmt"/>
        <line num="136" count="2" type="cond" truecount="1" falsecount="0"/>
        <line num="138" count="1" type="stmt"/>
        <line num="139" count="1" type="stmt"/>
        <line num="140" count="1" type="stmt"/>
        <line num="142" count="1" type="cond" truecount="5" falsecount="2"/>
        <line num="143" count="0" type="stmt"/>
        <line num="145" count="1" type="stmt"/>
        <line num="147" count="1" type="cond" truecount="0" falsecount="1"/>
        <line num="149" count="1" type="stmt"/>
        <line num="152" count="4" type="stmt"/>
        <line num="153" count="4" type="stmt"/>
        <line num="155" count="4" type="cond" truecount="8" falsecount="0"/>
        <line num="156" count="4" type="cond" truecount="1" falsecount="0"/>
        <line num="158" count="3" type="stmt"/>
        <line num="160" count="3" type="stmt"/>
        <line num="161" count="3" type="stmt"/>
        <line num="163" count="3" type="cond" truecount="3" falsecount="0"/>
        <line num="165" count="2" type="stmt"/>
        <line num="167" count="2" type="cond" truecount="4" falsecount="1"/>
        <line num="168" count="1" type="stmt"/>
        <line num="170" count="1" type="stmt"/>
        <line num="173" count="4" type="stmt"/>
        <line num="174" count="4" type="cond" truecount="8" falsecount="0"/>
        <line num="175" count="4" type="cond" truecount="1" falsecount="0"/>
        <line num="177" count="3" type="stmt"/>
        <line num="178" count="3" type="cond" truecount="1" falsecount="0"/>
        <line num="180" count="2" type="stmt"/>
        <line num="182" count="2" type="cond" truecount="1" falsecount="0"/>
        <line num="184" count="1" type="stmt"/>
        <line num="185" count="1" type="stmt"/>
        <line num="187" count="1" type="stmt"/>
        <line num="190" count="8" type="stmt"/>
        <line num="191" count="8" type="stmt"/>
        <line num="192" count="8" type="stmt"/>
        <line num="200" count="8" type="cond" truecount="5" falsecount="0"/>
        <line num="201" count="2" type="stmt"/>
        <line num="203" count="6" type="stmt"/>
        <line num="206" count="3" type="stmt"/>
        <line num="207" count="3" type="stmt"/>
        <line num="208" count="3" type="stmt"/>
        <line num="209" count="3" type="stmt"/>
        <line num="210" count="3" type="stmt"/>
        <line num="221" count="5" type="stmt"/>
        <line num="222" count="5" type="stmt"/>
        <line num="224" count="5" type="stmt"/>
        <line num="230" count="5" type="stmt"/>
        <line num="236" count="5" type="stmt"/>
        <line num="239" count="1" type="stmt"/>
        <line num="240" count="1" type="stmt"/>
        <line num="241" count="1" type="stmt"/>
        <line num="242" count="1" type="cond" truecount="0" falsecount="1"/>
        <line num="243" count="1" type="stmt"/>
        <line num="246" count="4" type="stmt"/>
        <line num="247" count="4" type="stmt"/>
        <line num="248" count="4" type="cond" truecount="4" falsecount="0"/>
        <line num="249" count="4" type="cond" truecount="2" falsecount="0"/>
        <line num="250" count="1" type="stmt"/>
        <line num="252" count="3" type="stmt"/>
        <line num="254" count="4" type="stmt"/>
        <line num="255" count="4" type="stmt"/>
      </file>
      <file name="authorization.controller.ts" path="D:\Alonso\Proyectos\JS\Dolcelina\microservices\auth-microservice\src\controllers\authorization.controller.ts">
        <metrics statements="13" coveredstatements="13" conditionals="8" coveredconditionals="6" methods="4" coveredmethods="4"/>
        <line num="2" count="1" type="stmt"/>
        <line num="4" count="1" type="stmt"/>
        <line num="5" count="1" type="stmt"/>
        <line num="7" count="1" type="stmt"/>
        <line num="10" count="1" type="stmt"/>
        <line num="11" count="1" type="stmt"/>
        <line num="12" count="1" type="cond" truecount="3" falsecount="1"/>
        <line num="14" count="1" type="stmt"/>
        <line num="18" count="1" type="stmt"/>
        <line num="27" count="1" type="stmt"/>
        <line num="32" count="1" type="stmt"/>
        <line num="33" count="1" type="stmt"/>
        <line num="34" count="1" type="stmt"/>
      </file>
      <file name="oauth.controller.ts" path="D:\Alonso\Proyectos\JS\Dolcelina\microservices\auth-microservice\src\controllers\oauth.controller.ts">
        <metrics statements="49" coveredstatements="48" conditionals="10" coveredconditionals="8" methods="8" coveredmethods="8"/>
        <line num="1" count="1" type="stmt"/>
        <line num="20" count="1" type="stmt"/>
        <line num="22" count="1" type="stmt"/>
        <line num="23" count="1" type="stmt"/>
        <line num="24" count="1" type="stmt"/>
        <line num="25" count="1" type="stmt"/>
        <line num="26" count="1" type="stmt"/>
        <line num="27" count="1" type="stmt"/>
        <line num="28" count="1" type="stmt"/>
        <line num="29" count="1" type="stmt"/>
        <line num="30" count="1" type="stmt"/>
        <line num="32" count="1" type="stmt"/>
        <line num="33" count="1" type="stmt"/>
        <line num="35" count="3" type="stmt"/>
        <line num="36" count="3" type="stmt"/>
        <line num="37" count="3" type="stmt"/>
        <line num="39" count="3" type="stmt"/>
        <line num="40" count="2" type="cond" truecount="1" falsecount="0"/>
        <line num="41" count="1" type="stmt"/>
        <line num="45" count="1" type="stmt"/>
        <line num="52" count="1" type="stmt"/>
        <line num="56" count="1" type="stmt"/>
        <line num="59" count="4" type="stmt"/>
        <line num="60" count="4" type="stmt"/>
        <line num="61" count="4" type="stmt"/>
        <line num="62" count="4" type="stmt"/>
        <line num="63" count="4" type="stmt"/>
        <line num="65" count="4" type="stmt"/>
        <line num="66" count="4" type="cond" truecount="1" falsecount="0"/>
        <line num="67" count="3" type="stmt"/>
        <line num="75" count="3" type="cond" truecount="4" falsecount="1"/>
        <line num="77" count="2" type="stmt"/>
        <line num="79" count="2" type="stmt"/>
        <line num="80" count="2" type="stmt"/>
        <line num="82" count="2" type="stmt"/>
        <line num="84" count="0" type="stmt"/>
        <line num="88" count="2" type="stmt"/>
        <line num="89" count="2" type="stmt"/>
        <line num="91" count="2" type="stmt"/>
        <line num="92" count="2" type="stmt"/>
        <line num="94" count="2" type="cond" truecount="1" falsecount="0"/>
        <line num="96" count="1" type="stmt"/>
        <line num="100" count="1" type="stmt"/>
        <line num="101" count="1" type="stmt"/>
        <line num="113" count="1" type="stmt"/>
        <line num="116" count="2" type="stmt"/>
        <line num="117" count="2" type="stmt"/>
        <line num="118" count="2" type="stmt"/>
        <line num="128" count="2" type="stmt"/>
      </file>
      <file name="users.controller.ts" path="D:\Alonso\Proyectos\JS\Dolcelina\microservices\auth-microservice\src\controllers\users.controller.ts">
        <metrics statements="58" coveredstatements="58" conditionals="21" coveredconditionals="21" methods="10" coveredmethods="10"/>
        <line num="2" count="1" type="stmt"/>
        <line num="3" count="1" type="stmt"/>
        <line num="11" count="1" type="stmt"/>
        <line num="13" count="1" type="stmt"/>
        <line num="14" count="1" type="stmt"/>
        <line num="16" count="1" type="stmt"/>
        <line num="19" count="2" type="stmt"/>
        <line num="20" count="2" type="stmt"/>
        <line num="22" count="2" type="stmt"/>
        <line num="23" count="2" type="stmt"/>
        <line num="45" count="2" type="stmt"/>
        <line num="48" count="2" type="stmt"/>
        <line num="49" count="2" type="stmt"/>
        <line num="51" count="2" type="stmt"/>
        <line num="52" count="2" type="stmt"/>
        <line num="65" count="2" type="cond" truecount="1" falsecount="0"/>
        <line num="67" count="1" type="stmt"/>
        <line num="70" count="1" type="stmt"/>
        <line num="73" count="5" type="stmt"/>
        <line num="74" count="5" type="stmt"/>
        <line num="85" count="5" type="stmt"/>
        <line num="87" count="5" type="stmt"/>
        <line num="88" count="5" type="stmt"/>
        <line num="90" count="5" type="cond" truecount="1" falsecount="0"/>
        <line num="92" count="4" type="cond" truecount="3" falsecount="0"/>
        <line num="93" count="2" type="stmt"/>
        <line num="102" count="2" type="cond" truecount="1" falsecount="0"/>
        <line num="105" count="3" type="stmt"/>
        <line num="109" count="3" type="cond" truecount="1" falsecount="0"/>
        <line num="110" count="3" type="cond" truecount="1" falsecount="0"/>
        <line num="111" count="3" type="cond" truecount="1" falsecount="0"/>
        <line num="112" count="3" type="cond" truecount="1" falsecount="0"/>
        <line num="113" count="3" type="cond" truecount="1" falsecount="0"/>
        <line num="114" count="3" type="cond" truecount="1" falsecount="0"/>
        <line num="115" count="3" type="cond" truecount="1" falsecount="0"/>
        <line num="116" count="3" type="cond" truecount="3" falsecount="0"/>
        <line num="117" count="3" type="cond" truecount="1" falsecount="0"/>
        <line num="119" count="3" type="stmt"/>
        <line num="120" count="3" type="stmt"/>
        <line num="122" count="3" type="stmt"/>
        <line num="125" count="2" type="stmt"/>
        <line num="126" count="2" type="stmt"/>
        <line num="128" count="2" type="stmt"/>
        <line num="129" count="2" type="stmt"/>
        <line num="131" count="2" type="cond" truecount="1" falsecount="0"/>
        <line num="133" count="1" type="stmt"/>
        <line num="137" count="1" type="stmt"/>
        <line num="139" count="1" type="stmt"/>
        <line num="142" count="2" type="stmt"/>
        <line num="143" count="2" type="stmt"/>
        <line num="145" count="2" type="stmt"/>
        <line num="146" count="2" type="stmt"/>
        <line num="148" count="2" type="cond" truecount="1" falsecount="0"/>
        <line num="150" count="1" type="stmt"/>
        <line num="157" count="1" type="stmt"/>
        <line num="159" count="1" type="stmt"/>
        <line num="163" count="1" type="stmt"/>
        <line num="165" count="1" type="stmt"/>
      </file>
    </package>
    <package name="models.mariadb">
      <metrics statements="85" coveredstatements="85" conditionals="0" coveredconditionals="0" methods="23" coveredmethods="12"/>
      <file name="address.ts" path="D:\Alonso\Proyectos\JS\Dolcelina\microservices\auth-microservice\src\models\mariadb\address.ts">
        <metrics statements="3" coveredstatements="3" conditionals="0" coveredconditionals="0" methods="1" coveredmethods="1"/>
        <line num="2" count="1" type="stmt"/>
        <line num="20" count="1" type="stmt"/>
        <line num="43" count="1" type="stmt"/>
      </file>
      <file name="ban_case.ts" path="D:\Alonso\Proyectos\JS\Dolcelina\microservices\auth-microservice\src\models\mariadb\ban_case.ts">
        <metrics statements="3" coveredstatements="3" conditionals="0" coveredconditionals="0" methods="1" coveredmethods="1"/>
        <line num="2" count="1" type="stmt"/>
        <line num="23" count="1" type="stmt"/>
        <line num="47" count="1" type="stmt"/>
      </file>
      <file name="banner.ts" path="D:\Alonso\Proyectos\JS\Dolcelina\microservices\auth-microservice\src\models\mariadb\banner.ts">
        <metrics statements="3" coveredstatements="3" conditionals="0" coveredconditionals="0" methods="1" coveredmethods="1"/>
        <line num="2" count="1" type="stmt"/>
        <line num="24" count="1" type="stmt"/>
        <line num="40" count="1" type="stmt"/>
      </file>
      <file name="category.ts" path="D:\Alonso\Proyectos\JS\Dolcelina\microservices\auth-microservice\src\models\mariadb\category.ts">
        <metrics statements="3" coveredstatements="3" conditionals="0" coveredconditionals="0" methods="1" coveredmethods="1"/>
        <line num="2" count="1" type="stmt"/>
        <line num="17" count="1" type="stmt"/>
        <line num="37" count="1" type="stmt"/>
      </file>
      <file name="init-models.ts" path="D:\Alonso\Proyectos\JS\Dolcelina\microservices\auth-microservice\src\models\mariadb\init-models.ts">
        <metrics statements="51" coveredstatements="51" conditionals="0" coveredconditionals="0" methods="12" coveredmethods="1"/>
        <line num="2" count="1" type="stmt"/>
        <line num="4" count="1" type="stmt"/>
        <line num="6" count="1" type="stmt"/>
        <line num="8" count="1" type="stmt"/>
        <line num="10" count="1" type="stmt"/>
        <line num="12" count="1" type="stmt"/>
        <line num="14" count="1" type="stmt"/>
        <line num="16" count="1" type="stmt"/>
        <line num="18" count="1" type="stmt"/>
        <line num="20" count="1" type="stmt"/>
        <line num="22" count="1" type="stmt"/>
        <line num="26" count="1" type="stmt"/>
        <line num="27" count="1" type="stmt"/>
        <line num="28" count="1" type="stmt"/>
        <line num="29" count="1" type="stmt"/>
        <line num="30" count="1" type="stmt"/>
        <line num="31" count="1" type="stmt"/>
        <line num="32" count="1" type="stmt"/>
        <line num="33" count="1" type="stmt"/>
        <line num="34" count="1" type="stmt"/>
        <line num="35" count="1" type="stmt"/>
        <line num="36" count="1" type="stmt"/>
        <line num="64" count="1" type="stmt"/>
        <line num="65" count="1" type="stmt"/>
        <line num="66" count="1" type="stmt"/>
        <line num="67" count="1" type="stmt"/>
        <line num="68" count="1" type="stmt"/>
        <line num="69" count="1" type="stmt"/>
        <line num="70" count="1" type="stmt"/>
        <line num="71" count="1" type="stmt"/>
        <line num="72" count="1" type="stmt"/>
        <line num="73" count="1" type="stmt"/>
        <line num="74" count="1" type="stmt"/>
        <line num="75" count="1" type="stmt"/>
        <line num="77" count="1" type="stmt"/>
        <line num="78" count="1" type="stmt"/>
        <line num="79" count="1" type="stmt"/>
        <line num="80" count="1" type="stmt"/>
        <line num="81" count="1" type="stmt"/>
        <line num="82" count="1" type="stmt"/>
        <line num="83" count="1" type="stmt"/>
        <line num="84" count="1" type="stmt"/>
        <line num="85" count="1" type="stmt"/>
        <line num="86" count="1" type="stmt"/>
        <line num="87" count="1" type="stmt"/>
        <line num="88" count="1" type="stmt"/>
        <line num="89" count="1" type="stmt"/>
        <line num="90" count="1" type="stmt"/>
        <line num="91" count="1" type="stmt"/>
        <line num="92" count="1" type="stmt"/>
        <line num="94" count="1" type="stmt"/>
      </file>
      <file name="order.ts" path="D:\Alonso\Proyectos\JS\Dolcelina\microservices\auth-microservice\src\models\mariadb\order.ts">
        <metrics statements="3" coveredstatements="3" conditionals="0" coveredconditionals="0" methods="1" coveredmethods="1"/>
        <line num="2" count="1" type="stmt"/>
        <line num="22" count="1" type="stmt"/>
        <line num="51" count="1" type="stmt"/>
      </file>
      <file name="order_item.ts" path="D:\Alonso\Proyectos\JS\Dolcelina\microservices\auth-microservice\src\models\mariadb\order_item.ts">
        <metrics statements="3" coveredstatements="3" conditionals="0" coveredconditionals="0" methods="1" coveredmethods="1"/>
        <line num="2" count="1" type="stmt"/>
        <line num="18" count="1" type="stmt"/>
        <line num="37" count="1" type="stmt"/>
      </file>
      <file name="payment_method.ts" path="D:\Alonso\Proyectos\JS\Dolcelina\microservices\auth-microservice\src\models\mariadb\payment_method.ts">
        <metrics statements="3" coveredstatements="3" conditionals="0" coveredconditionals="0" methods="1" coveredmethods="1"/>
        <line num="2" count="1" type="stmt"/>
        <line num="17" count="1" type="stmt"/>
        <line num="26" count="1" type="stmt"/>
      </file>
      <file name="product.ts" path="D:\Alonso\Proyectos\JS\Dolcelina\microservices\auth-microservice\src\models\mariadb\product.ts">
        <metrics statements="3" coveredstatements="3" conditionals="0" coveredconditionals="0" methods="1" coveredmethods="1"/>
        <line num="2" count="1" type="stmt"/>
        <line num="40" count="1" type="stmt"/>
        <line num="98" count="1" type="stmt"/>
      </file>
      <file name="product_image.ts" path="D:\Alonso\Proyectos\JS\Dolcelina\microservices\auth-microservice\src\models\mariadb\product_image.ts">
        <metrics statements="3" coveredstatements="3" conditionals="0" coveredconditionals="0" methods="1" coveredmethods="1"/>
        <line num="2" count="1" type="stmt"/>
        <line num="17" count="1" type="stmt"/>
        <line num="26" count="1" type="stmt"/>
      </file>
      <file name="review.ts" path="D:\Alonso\Proyectos\JS\Dolcelina\microservices\auth-microservice\src\models\mariadb\review.ts">
        <metrics statements="3" coveredstatements="3" conditionals="0" coveredconditionals="0" methods="1" coveredmethods="1"/>
        <line num="2" count="1" type="stmt"/>
        <line num="20" count="1" type="stmt"/>
        <line num="40" count="1" type="stmt"/>
      </file>
      <file name="user.ts" path="D:\Alonso\Proyectos\JS\Dolcelina\microservices\auth-microservice\src\models\mariadb\user.ts">
        <metrics statements="4" coveredstatements="4" conditionals="0" coveredconditionals="0" methods="1" coveredmethods="1"/>
        <line num="1" count="1" type="stmt"/>
        <line num="2" count="1" type="stmt"/>
        <line num="36" count="1" type="stmt"/>
        <line num="95" count="1" type="stmt"/>
      </file>
    </package>
    <package name="services">
      <metrics statements="41" coveredstatements="40" conditionals="15" coveredconditionals="13" methods="8" coveredmethods="8"/>
      <file name="sequelize-service.ts" path="D:\Alonso\Proyectos\JS\Dolcelina\microservices\auth-microservice\src\services\sequelize-service.ts">
        <metrics statements="41" coveredstatements="40" conditionals="15" coveredconditionals="13" methods="8" coveredmethods="8"/>
        <line num="1" count="5" type="stmt"/>
        <line num="2" count="5" type="stmt"/>
        <line num="4" count="5" type="stmt"/>
        <line num="5" count="5" type="stmt"/>
        <line num="6" count="5" type="stmt"/>
        <line num="8" count="5" type="stmt"/>
        <line num="13" count="4" type="stmt"/>
        <line num="20" count="4" type="stmt"/>
        <line num="21" count="4" type="stmt"/>
        <line num="22" count="4" type="cond" truecount="4" falsecount="0"/>
        <line num="23" count="4" type="cond" truecount="2" falsecount="0"/>
        <line num="27" count="6" type="cond" truecount="1" falsecount="0"/>
        <line num="28" count="4" type="stmt"/>
        <line num="31" count="6" type="cond" truecount="1" falsecount="0"/>
        <line num="32" count="5" type="cond" truecount="3" falsecount="1"/>
        <line num="33" count="1" type="stmt"/>
        <line num="34" count="1" type="stmt"/>
        <line num="36" count="5" type="stmt"/>
        <line num="39" count="5" type="stmt"/>
        <line num="43" count="5" type="cond" truecount="0" falsecount="1"/>
        <line num="44" count="0" type="stmt"/>
        <line num="47" count="5" type="stmt"/>
        <line num="48" count="5" type="stmt"/>
        <line num="52" count="5" type="stmt"/>
        <line num="54" count="5" type="stmt"/>
        <line num="71" count="5" type="cond" truecount="1" falsecount="0"/>
        <line num="72" count="1" type="stmt"/>
        <line num="79" count="5" type="stmt"/>
        <line num="86" count="5" type="stmt"/>
        <line num="87" count="5" type="stmt"/>
        <line num="91" count="5" type="stmt"/>
        <line num="92" count="5" type="stmt"/>
        <line num="93" count="4" type="stmt"/>
        <line num="97" count="1" type="stmt"/>
        <line num="98" count="1" type="stmt"/>
        <line num="99" count="1" type="stmt"/>
        <line num="104" count="1" type="cond" truecount="1" falsecount="0"/>
        <line num="105" count="1" type="stmt"/>
        <line num="106" count="1" type="stmt"/>
        <line num="107" count="1" type="stmt"/>
        <line num="112" count="4" type="stmt"/>
      </file>
    </package>
    <package name="utils">
      <metrics statements="8" coveredstatements="8" conditionals="14" coveredconditionals="11" methods="2" coveredmethods="2"/>
      <file name="geo-helper.ts" path="D:\Alonso\Proyectos\JS\Dolcelina\microservices\auth-microservice\src\utils\geo-helper.ts">
        <metrics statements="4" coveredstatements="4" conditionals="6" coveredconditionals="5" methods="1" coveredmethods="1"/>
        <line num="1" count="1" type="stmt"/>
        <line num="3" count="1" type="stmt"/>
        <line num="4" count="2" type="cond" truecount="3" falsecount="1"/>
        <line num="5" count="2" type="cond" truecount="2" falsecount="0"/>
      </file>
      <file name="session-helper.ts" path="D:\Alonso\Proyectos\JS\Dolcelina\microservices\auth-microservice\src\utils\session-helper.ts">
        <metrics statements="4" coveredstatements="4" conditionals="8" coveredconditionals="6" methods="1" coveredmethods="1"/>
        <line num="1" count="1" type="stmt"/>
        <line num="4" count="1" type="stmt"/>
        <line num="5" count="1" type="cond" truecount="6" falsecount="2"/>
        <line num="6" count="1" type="stmt"/>
      </file>
    </package>
  </project>
</coverage>
