{"D:\\Alonso\\Proyectos\\JS\\Dolcelina\\microservices\\auth-microservice\\src\\constants\\secrets-contants.ts": {"path":"D:\\Alonso\\Proyectos\\JS\\Dolcelina\\microservices\\auth-microservice\\src\\constants\\secrets-contants.ts","statementMap":{"0":{"start":{"line":1,"column":13},"end":{"line":1,"column":31}},"1":{"start":{"line":2,"column":13},"end":{"line":2,"column":37}},"2":{"start":{"line":3,"column":13},"end":{"line":3,"column":37}},"3":{"start":{"line":4,"column":13},"end":{"line":4,"column":31}},"4":{"start":{"line":5,"column":13},"end":{"line":5,"column":50}}},"fnMap":{},"branchMap":{},"s":{"0":6,"1":6,"2":6,"3":6,"4":6},"f":{},"b":{}}
,"D:\\Alonso\\Proyectos\\JS\\Dolcelina\\microservices\\auth-microservice\\src\\constants\\service-constants.ts": {"path":"D:\\Alonso\\Proyectos\\JS\\Dolcelina\\microservices\\auth-microservice\\src\\constants\\service-constants.ts","statementMap":{"0":{"start":{"line":1,"column":13},"end":{"line":3,"column":2}}},"fnMap":{},"branchMap":{},"s":{"0":1},"f":{},"b":{}}
,"D:\\Alonso\\Proyectos\\JS\\Dolcelina\\microservices\\auth-microservice\\src\\controllers\\authentication.controller.ts": {"path":"D:\\Alonso\\Proyectos\\JS\\Dolcelina\\microservices\\auth-microservice\\src\\controllers\\authentication.controller.ts","statementMap":{"0":{"start":{"line":3,"column":0},"end":{"line":3,"column":34}},"1":{"start":{"line":4,"column":0},"end":{"line":4,"column":27}},"2":{"start":{"line":5,"column":0},"end":{"line":5,"column":50}},"3":{"start":{"line":6,"column":0},"end":{"line":6,"column":null}},"4":{"start":{"line":18,"column":0},"end":{"line":18,"column":28}},"5":{"start":{"line":20,"column":0},"end":{"line":20,"column":63}},"6":{"start":{"line":21,"column":0},"end":{"line":21,"column":31}},"7":{"start":{"line":22,"column":0},"end":{"line":22,"column":33}},"8":{"start":{"line":23,"column":0},"end":{"line":23,"column":60}},"9":{"start":{"line":24,"column":0},"end":{"line":24,"column":57}},"10":{"start":{"line":25,"column":0},"end":{"line":25,"column":46}},"11":{"start":{"line":29,"column":0},"end":{"line":29,"column":65}},"12":{"start":{"line":31,"column":27},"end":{"line":70,"column":2}},"13":{"start":{"line":31,"column":65},"end":{"line":70,"column":2}},"14":{"start":{"line":32,"column":35},"end":{"line":32,"column":43}},"15":{"start":{"line":33,"column":42},"end":{"line":33,"column":62}},"16":{"start":{"line":34,"column":21},"end":{"line":34,"column":47}},"17":{"start":{"line":36,"column":22},"end":{"line":36,"column":58}},"18":{"start":{"line":37,"column":17},"end":{"line":44,"column":6}},"19":{"start":{"line":45,"column":4},"end":{"line":45,"column":84}},"20":{"start":{"line":45,"column":15},"end":{"line":45,"column":84}},"21":{"start":{"line":47,"column":4},"end":{"line":48,"column":77}},"22":{"start":{"line":48,"column":8},"end":{"line":48,"column":77}},"23":{"start":{"line":50,"column":21},"end":{"line":50,"column":64}},"24":{"start":{"line":52,"column":4},"end":{"line":52,"column":88}},"25":{"start":{"line":52,"column":19},"end":{"line":52,"column":88}},"26":{"start":{"line":54,"column":27},"end":{"line":63,"column":6}},"27":{"start":{"line":65,"column":19},"end":{"line":65,"column":64}},"28":{"start":{"line":67,"column":4},"end":{"line":67,"column":86}},"29":{"start":{"line":67,"column":17},"end":{"line":67,"column":86}},"30":{"start":{"line":69,"column":4},"end":{"line":69,"column":65}},"31":{"start":{"line":31,"column":13},"end":{"line":31,"column":27}},"32":{"start":{"line":72,"column":30},"end":{"line":95,"column":2}},"33":{"start":{"line":72,"column":95},"end":{"line":95,"column":2}},"34":{"start":{"line":73,"column":32},"end":{"line":73,"column":40}},"35":{"start":{"line":74,"column":21},"end":{"line":74,"column":58}},"36":{"start":{"line":76,"column":20},"end":{"line":76,"column":53}},"37":{"start":{"line":77,"column":4},"end":{"line":78,"column":91}},"38":{"start":{"line":78,"column":8},"end":{"line":78,"column":91}},"39":{"start":{"line":80,"column":16},"end":{"line":84,"column":6}},"40":{"start":{"line":85,"column":4},"end":{"line":86,"column":98}},"41":{"start":{"line":86,"column":8},"end":{"line":86,"column":98}},"42":{"start":{"line":88,"column":21},"end":{"line":88,"column":55}},"43":{"start":{"line":90,"column":4},"end":{"line":94,"column":5}},"44":{"start":{"line":91,"column":8},"end":{"line":91,"column":45}},"45":{"start":{"line":93,"column":8},"end":{"line":93,"column":84}},"46":{"start":{"line":72,"column":13},"end":{"line":72,"column":30}},"47":{"start":{"line":97,"column":28},"end":{"line":129,"column":2}},"48":{"start":{"line":97,"column":93},"end":{"line":129,"column":2}},"49":{"start":{"line":98,"column":58},"end":{"line":98,"column":66}},"50":{"start":{"line":99,"column":42},"end":{"line":99,"column":62}},"51":{"start":{"line":100,"column":21},"end":{"line":100,"column":47}},"52":{"start":{"line":101,"column":15},"end":{"line":101,"column":21}},"53":{"start":{"line":102,"column":17},"end":{"line":102,"column":43}},"54":{"start":{"line":104,"column":22},"end":{"line":104,"column":58}},"55":{"start":{"line":105,"column":20},"end":{"line":115,"column":6}},"56":{"start":{"line":116,"column":27},"end":{"line":125,"column":6}},"57":{"start":{"line":126,"column":4},"end":{"line":126,"column":25}},"58":{"start":{"line":128,"column":4},"end":{"line":128,"column":50}},"59":{"start":{"line":97,"column":13},"end":{"line":97,"column":28}},"60":{"start":{"line":131,"column":38},"end":{"line":150,"column":2}},"61":{"start":{"line":131,"column":76},"end":{"line":150,"column":2}},"62":{"start":{"line":132,"column":28},"end":{"line":132,"column":71}},"63":{"start":{"line":133,"column":4},"end":{"line":133,"column":91}},"64":{"start":{"line":133,"column":22},"end":{"line":133,"column":91}},"65":{"start":{"line":134,"column":23},"end":{"line":134,"column":54}},"66":{"start":{"line":136,"column":4},"end":{"line":136,"column":89}},"67":{"start":{"line":136,"column":20},"end":{"line":136,"column":89}},"68":{"start":{"line":138,"column":22},"end":{"line":138,"column":58}},"69":{"start":{"line":139,"column":17},"end":{"line":139,"column":68}},"70":{"start":{"line":140,"column":27},"end":{"line":140,"column":70}},"71":{"start":{"line":142,"column":4},"end":{"line":143,"column":77}},"72":{"start":{"line":143,"column":8},"end":{"line":143,"column":77}},"73":{"start":{"line":145,"column":21},"end":{"line":145,"column":48}},"74":{"start":{"line":147,"column":4},"end":{"line":147,"column":87}},"75":{"start":{"line":147,"column":18},"end":{"line":147,"column":87}},"76":{"start":{"line":149,"column":4},"end":{"line":149,"column":61}},"77":{"start":{"line":131,"column":13},"end":{"line":131,"column":38}},"78":{"start":{"line":152,"column":36},"end":{"line":171,"column":2}},"79":{"start":{"line":152,"column":74},"end":{"line":171,"column":2}},"80":{"start":{"line":153,"column":22},"end":{"line":153,"column":58}},"81":{"start":{"line":155,"column":29},"end":{"line":155,"column":72}},"82":{"start":{"line":156,"column":4},"end":{"line":156,"column":92}},"83":{"start":{"line":156,"column":23},"end":{"line":156,"column":92}},"84":{"start":{"line":158,"column":23},"end":{"line":158,"column":55}},"85":{"start":{"line":160,"column":17},"end":{"line":160,"column":67}},"86":{"start":{"line":161,"column":21},"end":{"line":161,"column":57}},"87":{"start":{"line":163,"column":4},"end":{"line":163,"column":96}},"88":{"start":{"line":163,"column":27},"end":{"line":163,"column":96}},"89":{"start":{"line":165,"column":27},"end":{"line":165,"column":70}},"90":{"start":{"line":167,"column":4},"end":{"line":168,"column":77}},"91":{"start":{"line":168,"column":8},"end":{"line":168,"column":77}},"92":{"start":{"line":170,"column":4},"end":{"line":170,"column":54}},"93":{"start":{"line":152,"column":13},"end":{"line":152,"column":36}},"94":{"start":{"line":173,"column":29},"end":{"line":188,"column":2}},"95":{"start":{"line":173,"column":67},"end":{"line":188,"column":2}},"96":{"start":{"line":174,"column":28},"end":{"line":174,"column":71}},"97":{"start":{"line":175,"column":4},"end":{"line":175,"column":91}},"98":{"start":{"line":175,"column":22},"end":{"line":175,"column":91}},"99":{"start":{"line":177,"column":22},"end":{"line":177,"column":61}},"100":{"start":{"line":178,"column":4},"end":{"line":178,"column":89}},"101":{"start":{"line":178,"column":20},"end":{"line":178,"column":89}},"102":{"start":{"line":180,"column":27},"end":{"line":180,"column":70}},"103":{"start":{"line":182,"column":4},"end":{"line":182,"column":94}},"104":{"start":{"line":182,"column":25},"end":{"line":182,"column":94}},"105":{"start":{"line":184,"column":4},"end":{"line":184,"column":36}},"106":{"start":{"line":185,"column":4},"end":{"line":185,"column":32}},"107":{"start":{"line":187,"column":4},"end":{"line":187,"column":61}},"108":{"start":{"line":173,"column":13},"end":{"line":173,"column":29}},"109":{"start":{"line":190,"column":21},"end":{"line":204,"column":2}},"110":{"start":{"line":190,"column":48},"end":{"line":204,"column":2}},"111":{"start":{"line":191,"column":22},"end":{"line":191,"column":58}},"112":{"start":{"line":192,"column":24},"end":{"line":198,"column":6}},"113":{"start":{"line":200,"column":4},"end":{"line":202,"column":5}},"114":{"start":{"line":201,"column":8},"end":{"line":201,"column":72}},"115":{"start":{"line":203,"column":4},"end":{"line":203,"column":17}},"116":{"start":{"line":206,"column":31},"end":{"line":219,"column":2}},"117":{"start":{"line":206,"column":93},"end":{"line":219,"column":2}},"118":{"start":{"line":207,"column":4},"end":{"line":207,"column":35}},"119":{"start":{"line":208,"column":4},"end":{"line":208,"column":32}},"120":{"start":{"line":209,"column":42},"end":{"line":209,"column":87}},"121":{"start":{"line":210,"column":4},"end":{"line":218,"column":6}},"122":{"start":{"line":206,"column":13},"end":{"line":206,"column":31}},"123":{"start":{"line":221,"column":23},"end":{"line":237,"column":2}},"124":{"start":{"line":221,"column":63},"end":{"line":237,"column":2}},"125":{"start":{"line":222,"column":69},"end":{"line":222,"column":84}},"126":{"start":{"line":222,"column":47},"end":{"line":222,"column":52}},"127":{"start":{"line":222,"column":64},"end":{"line":222,"column":69}},"128":{"start":{"line":224,"column":24},"end":{"line":228,"column":6}},"129":{"start":{"line":230,"column":25},"end":{"line":234,"column":6}},"130":{"start":{"line":236,"column":4},"end":{"line":236,"column":41}},"131":{"start":{"line":239,"column":31},"end":{"line":244,"column":2}},"132":{"start":{"line":239,"column":74},"end":{"line":244,"column":2}},"133":{"start":{"line":240,"column":22},"end":{"line":240,"column":58}},"134":{"start":{"line":241,"column":17},"end":{"line":241,"column":65}},"135":{"start":{"line":242,"column":4},"end":{"line":242,"column":84}},"136":{"start":{"line":242,"column":15},"end":{"line":242,"column":84}},"137":{"start":{"line":243,"column":4},"end":{"line":243,"column":40}},"138":{"start":{"line":246,"column":29},"end":{"line":256,"column":2}},"139":{"start":{"line":246,"column":57},"end":{"line":256,"column":2}},"140":{"start":{"line":247,"column":27},"end":{"line":247,"column":61}},"141":{"start":{"line":248,"column":19},"end":{"line":248,"column":83}},"142":{"start":{"line":249,"column":4},"end":{"line":253,"column":5}},"143":{"start":{"line":250,"column":8},"end":{"line":250,"column":21}},"144":{"start":{"line":252,"column":8},"end":{"line":252,"column":22}},"145":{"start":{"line":254,"column":4},"end":{"line":254,"column":52}},"146":{"start":{"line":255,"column":4},"end":{"line":255,"column":20}}},"fnMap":{"0":{"name":"(anonymous_9)","decl":{"start":{"line":31,"column":27},"end":{"line":31,"column":34}},"loc":{"start":{"line":31,"column":65},"end":{"line":70,"column":2}}},"1":{"name":"(anonymous_10)","decl":{"start":{"line":31,"column":65},"end":{"line":31,"column":null}},"loc":{"start":{"line":31,"column":65},"end":{"line":70,"column":1}}},"2":{"name":"(anonymous_11)","decl":{"start":{"line":72,"column":30},"end":{"line":72,"column":37}},"loc":{"start":{"line":72,"column":95},"end":{"line":95,"column":2}}},"3":{"name":"(anonymous_12)","decl":{"start":{"line":72,"column":95},"end":{"line":72,"column":null}},"loc":{"start":{"line":72,"column":95},"end":{"line":95,"column":1}}},"4":{"name":"(anonymous_13)","decl":{"start":{"line":97,"column":28},"end":{"line":97,"column":35}},"loc":{"start":{"line":97,"column":93},"end":{"line":129,"column":2}}},"5":{"name":"(anonymous_14)","decl":{"start":{"line":97,"column":93},"end":{"line":97,"column":null}},"loc":{"start":{"line":97,"column":93},"end":{"line":129,"column":1}}},"6":{"name":"(anonymous_15)","decl":{"start":{"line":131,"column":38},"end":{"line":131,"column":45}},"loc":{"start":{"line":131,"column":76},"end":{"line":150,"column":2}}},"7":{"name":"(anonymous_16)","decl":{"start":{"line":131,"column":76},"end":{"line":131,"column":null}},"loc":{"start":{"line":131,"column":76},"end":{"line":150,"column":1}}},"8":{"name":"(anonymous_17)","decl":{"start":{"line":152,"column":36},"end":{"line":152,"column":43}},"loc":{"start":{"line":152,"column":74},"end":{"line":171,"column":2}}},"9":{"name":"(anonymous_18)","decl":{"start":{"line":152,"column":74},"end":{"line":152,"column":null}},"loc":{"start":{"line":152,"column":74},"end":{"line":171,"column":1}}},"10":{"name":"(anonymous_19)","decl":{"start":{"line":173,"column":29},"end":{"line":173,"column":36}},"loc":{"start":{"line":173,"column":67},"end":{"line":188,"column":2}}},"11":{"name":"(anonymous_20)","decl":{"start":{"line":173,"column":67},"end":{"line":173,"column":null}},"loc":{"start":{"line":173,"column":67},"end":{"line":188,"column":1}}},"12":{"name":"(anonymous_21)","decl":{"start":{"line":190,"column":21},"end":{"line":190,"column":28}},"loc":{"start":{"line":190,"column":48},"end":{"line":204,"column":2}}},"13":{"name":"(anonymous_22)","decl":{"start":{"line":190,"column":48},"end":{"line":190,"column":null}},"loc":{"start":{"line":190,"column":48},"end":{"line":204,"column":1}}},"14":{"name":"(anonymous_23)","decl":{"start":{"line":206,"column":31},"end":{"line":206,"column":38}},"loc":{"start":{"line":206,"column":93},"end":{"line":219,"column":2}}},"15":{"name":"(anonymous_24)","decl":{"start":{"line":206,"column":93},"end":{"line":206,"column":null}},"loc":{"start":{"line":206,"column":93},"end":{"line":219,"column":1}}},"16":{"name":"(anonymous_25)","decl":{"start":{"line":221,"column":23},"end":{"line":221,"column":30}},"loc":{"start":{"line":221,"column":63},"end":{"line":237,"column":2}}},"17":{"name":"(anonymous_26)","decl":{"start":{"line":221,"column":63},"end":{"line":221,"column":null}},"loc":{"start":{"line":221,"column":63},"end":{"line":237,"column":1}}},"18":{"name":"(anonymous_27)","decl":{"start":{"line":239,"column":31},"end":{"line":239,"column":38}},"loc":{"start":{"line":239,"column":74},"end":{"line":244,"column":2}}},"19":{"name":"(anonymous_28)","decl":{"start":{"line":239,"column":74},"end":{"line":239,"column":null}},"loc":{"start":{"line":239,"column":74},"end":{"line":244,"column":1}}},"20":{"name":"(anonymous_29)","decl":{"start":{"line":246,"column":29},"end":{"line":246,"column":36}},"loc":{"start":{"line":246,"column":57},"end":{"line":256,"column":2}}},"21":{"name":"(anonymous_30)","decl":{"start":{"line":246,"column":57},"end":{"line":246,"column":null}},"loc":{"start":{"line":246,"column":57},"end":{"line":256,"column":1}}}},"branchMap":{"0":{"loc":{"start":{"line":45,"column":4},"end":{"line":45,"column":84}},"type":"if","locations":[{"start":{"line":45,"column":4},"end":{"line":45,"column":84}}]},"1":{"loc":{"start":{"line":47,"column":4},"end":{"line":48,"column":77}},"type":"if","locations":[{"start":{"line":47,"column":4},"end":{"line":48,"column":77}}]},"2":{"loc":{"start":{"line":52,"column":4},"end":{"line":52,"column":88}},"type":"if","locations":[{"start":{"line":52,"column":4},"end":{"line":52,"column":88}}]},"3":{"loc":{"start":{"line":58,"column":18},"end":{"line":58,"column":83}},"type":"cond-expr","locations":[{"start":{"line":58,"column":65},"end":{"line":58,"column":74}},{"start":{"line":58,"column":77},"end":{"line":58,"column":83}}]},"4":{"loc":{"start":{"line":67,"column":4},"end":{"line":67,"column":86}},"type":"if","locations":[{"start":{"line":67,"column":4},"end":{"line":67,"column":86}}]},"5":{"loc":{"start":{"line":77,"column":4},"end":{"line":78,"column":91}},"type":"if","locations":[{"start":{"line":77,"column":4},"end":{"line":78,"column":91}}]},"6":{"loc":{"start":{"line":85,"column":4},"end":{"line":86,"column":98}},"type":"if","locations":[{"start":{"line":85,"column":4},"end":{"line":86,"column":98}}]},"7":{"loc":{"start":{"line":90,"column":4},"end":{"line":94,"column":5}},"type":"if","locations":[{"start":{"line":90,"column":4},"end":{"line":94,"column":5}},{"start":{"line":92,"column":11},"end":{"line":94,"column":5}}]},"8":{"loc":{"start":{"line":120,"column":18},"end":{"line":120,"column":83}},"type":"cond-expr","locations":[{"start":{"line":120,"column":65},"end":{"line":120,"column":74}},{"start":{"line":120,"column":77},"end":{"line":120,"column":83}}]},"9":{"loc":{"start":{"line":132,"column":28},"end":{"line":132,"column":71}},"type":"cond-expr","locations":[{"start":{"line":132,"column":65},"end":{"line":132,"column":69}},{"start":{"line":132,"column":69},"end":{"line":132,"column":71}}]},"10":{"loc":{"start":{"line":132,"column":28},"end":{"line":132,"column":69}},"type":"binary-expr","locations":[{"start":{"line":132,"column":28},"end":{"line":132,"column":69}},{"start":{"line":132,"column":65},"end":{"line":132,"column":69}}]},"11":{"loc":{"start":{"line":132,"column":28},"end":{"line":132,"column":65}},"type":"cond-expr","locations":[{"start":{"line":132,"column":53},"end":{"line":132,"column":55}},{"start":{"line":132,"column":53},"end":{"line":132,"column":65}}]},"12":{"loc":{"start":{"line":132,"column":28},"end":{"line":132,"column":55}},"type":"binary-expr","locations":[{"start":{"line":132,"column":28},"end":{"line":132,"column":55}},{"start":{"line":132,"column":53},"end":{"line":132,"column":55}}]},"13":{"loc":{"start":{"line":133,"column":4},"end":{"line":133,"column":91}},"type":"if","locations":[{"start":{"line":133,"column":4},"end":{"line":133,"column":91}}]},"14":{"loc":{"start":{"line":136,"column":4},"end":{"line":136,"column":89}},"type":"if","locations":[{"start":{"line":136,"column":4},"end":{"line":136,"column":89}}]},"15":{"loc":{"start":{"line":142,"column":4},"end":{"line":143,"column":77}},"type":"if","locations":[{"start":{"line":142,"column":4},"end":{"line":143,"column":77}}]},"16":{"loc":{"start":{"line":142,"column":8},"end":{"line":142,"column":null}},"type":"binary-expr","locations":[{"start":{"line":142,"column":8},"end":{"line":142,"column":13}},{"start":{"line":142,"column":17},"end":{"line":142,"column":null}}]},"17":{"loc":{"start":{"line":142,"column":18},"end":{"line":142,"column":42}},"type":"cond-expr","locations":[{"start":{"line":142,"column":32},"end":{"line":142,"column":34}},{"start":{"line":142,"column":18},"end":{"line":142,"column":42}}]},"18":{"loc":{"start":{"line":142,"column":18},"end":{"line":142,"column":34}},"type":"binary-expr","locations":[{"start":{"line":142,"column":18},"end":{"line":142,"column":34}},{"start":{"line":142,"column":18},"end":{"line":142,"column":34}}]},"19":{"loc":{"start":{"line":147,"column":4},"end":{"line":147,"column":87}},"type":"if","locations":[{"start":{"line":147,"column":4},"end":{"line":147,"column":87}}]},"20":{"loc":{"start":{"line":155,"column":29},"end":{"line":155,"column":72}},"type":"cond-expr","locations":[{"start":{"line":155,"column":66},"end":{"line":155,"column":70}},{"start":{"line":155,"column":70},"end":{"line":155,"column":72}}]},"21":{"loc":{"start":{"line":155,"column":29},"end":{"line":155,"column":70}},"type":"binary-expr","locations":[{"start":{"line":155,"column":29},"end":{"line":155,"column":70}},{"start":{"line":155,"column":66},"end":{"line":155,"column":70}}]},"22":{"loc":{"start":{"line":155,"column":29},"end":{"line":155,"column":66}},"type":"cond-expr","locations":[{"start":{"line":155,"column":54},"end":{"line":155,"column":56}},{"start":{"line":155,"column":54},"end":{"line":155,"column":66}}]},"23":{"loc":{"start":{"line":155,"column":29},"end":{"line":155,"column":56}},"type":"binary-expr","locations":[{"start":{"line":155,"column":29},"end":{"line":155,"column":56}},{"start":{"line":155,"column":54},"end":{"line":155,"column":56}}]},"24":{"loc":{"start":{"line":156,"column":4},"end":{"line":156,"column":92}},"type":"if","locations":[{"start":{"line":156,"column":4},"end":{"line":156,"column":92}}]},"25":{"loc":{"start":{"line":163,"column":4},"end":{"line":163,"column":96}},"type":"if","locations":[{"start":{"line":163,"column":4},"end":{"line":163,"column":96}}]},"26":{"loc":{"start":{"line":163,"column":8},"end":{"line":163,"column":25}},"type":"binary-expr","locations":[{"start":{"line":163,"column":8},"end":{"line":163,"column":13}},{"start":{"line":163,"column":17},"end":{"line":163,"column":25}}]},"27":{"loc":{"start":{"line":167,"column":4},"end":{"line":168,"column":77}},"type":"if","locations":[{"start":{"line":167,"column":4},"end":{"line":168,"column":77}}]},"28":{"loc":{"start":{"line":167,"column":9},"end":{"line":167,"column":33}},"type":"cond-expr","locations":[{"start":{"line":167,"column":23},"end":{"line":167,"column":25}},{"start":{"line":167,"column":9},"end":{"line":167,"column":33}}]},"29":{"loc":{"start":{"line":167,"column":9},"end":{"line":167,"column":25}},"type":"binary-expr","locations":[{"start":{"line":167,"column":9},"end":{"line":167,"column":25}},{"start":{"line":167,"column":9},"end":{"line":167,"column":25}}]},"30":{"loc":{"start":{"line":174,"column":28},"end":{"line":174,"column":71}},"type":"cond-expr","locations":[{"start":{"line":174,"column":65},"end":{"line":174,"column":69}},{"start":{"line":174,"column":69},"end":{"line":174,"column":71}}]},"31":{"loc":{"start":{"line":174,"column":28},"end":{"line":174,"column":69}},"type":"binary-expr","locations":[{"start":{"line":174,"column":28},"end":{"line":174,"column":69}},{"start":{"line":174,"column":65},"end":{"line":174,"column":69}}]},"32":{"loc":{"start":{"line":174,"column":28},"end":{"line":174,"column":65}},"type":"cond-expr","locations":[{"start":{"line":174,"column":53},"end":{"line":174,"column":55}},{"start":{"line":174,"column":53},"end":{"line":174,"column":65}}]},"33":{"loc":{"start":{"line":174,"column":28},"end":{"line":174,"column":55}},"type":"binary-expr","locations":[{"start":{"line":174,"column":28},"end":{"line":174,"column":55}},{"start":{"line":174,"column":53},"end":{"line":174,"column":55}}]},"34":{"loc":{"start":{"line":175,"column":4},"end":{"line":175,"column":91}},"type":"if","locations":[{"start":{"line":175,"column":4},"end":{"line":175,"column":91}}]},"35":{"loc":{"start":{"line":178,"column":4},"end":{"line":178,"column":89}},"type":"if","locations":[{"start":{"line":178,"column":4},"end":{"line":178,"column":89}}]},"36":{"loc":{"start":{"line":182,"column":4},"end":{"line":182,"column":94}},"type":"if","locations":[{"start":{"line":182,"column":4},"end":{"line":182,"column":94}}]},"37":{"loc":{"start":{"line":200,"column":4},"end":{"line":202,"column":5}},"type":"if","locations":[{"start":{"line":200,"column":4},"end":{"line":202,"column":5}}]},"38":{"loc":{"start":{"line":200,"column":8},"end":{"line":200,"column":33}},"type":"cond-expr","locations":[{"start":{"line":200,"column":19},"end":{"line":200,"column":21}},{"start":{"line":200,"column":8},"end":{"line":200,"column":33}}]},"39":{"loc":{"start":{"line":200,"column":8},"end":{"line":200,"column":21}},"type":"binary-expr","locations":[{"start":{"line":200,"column":8},"end":{"line":200,"column":21}},{"start":{"line":200,"column":8},"end":{"line":200,"column":21}}]},"40":{"loc":{"start":{"line":242,"column":4},"end":{"line":242,"column":84}},"type":"if","locations":[{"start":{"line":242,"column":4},"end":{"line":242,"column":84}}]},"41":{"loc":{"start":{"line":248,"column":35},"end":{"line":248,"column":82}},"type":"cond-expr","locations":[{"start":{"line":248,"column":74},"end":{"line":248,"column":78}},{"start":{"line":248,"column":78},"end":{"line":248,"column":82}}]},"42":{"loc":{"start":{"line":248,"column":35},"end":{"line":248,"column":78}},"type":"binary-expr","locations":[{"start":{"line":248,"column":35},"end":{"line":248,"column":78}},{"start":{"line":248,"column":74},"end":{"line":248,"column":78}}]},"43":{"loc":{"start":{"line":249,"column":4},"end":{"line":253,"column":5}},"type":"if","locations":[{"start":{"line":249,"column":4},"end":{"line":253,"column":5}},{"start":{"line":251,"column":11},"end":{"line":253,"column":5}}]}},"s":{"0":1,"1":1,"2":1,"3":1,"4":1,"5":1,"6":1,"7":1,"8":1,"9":1,"10":1,"11":1,"12":1,"13":5,"14":5,"15":5,"16":5,"17":5,"18":5,"19":5,"20":1,"21":4,"22":1,"23":3,"24":3,"25":1,"26":2,"27":2,"28":2,"29":0,"30":2,"31":1,"32":1,"33":4,"34":4,"35":4,"36":4,"37":4,"38":1,"39":3,"40":3,"41":1,"42":2,"43":2,"44":1,"45":1,"46":1,"47":1,"48":1,"49":1,"50":1,"51":1,"52":1,"53":1,"54":1,"55":1,"56":1,"57":1,"58":1,"59":1,"60":1,"61":3,"62":3,"63":3,"64":1,"65":2,"66":2,"67":1,"68":1,"69":1,"70":1,"71":1,"72":0,"73":1,"74":1,"75":0,"76":1,"77":1,"78":1,"79":4,"80":4,"81":4,"82":4,"83":1,"84":3,"85":3,"86":3,"87":3,"88":1,"89":2,"90":2,"91":1,"92":1,"93":1,"94":1,"95":4,"96":4,"97":4,"98":1,"99":3,"100":3,"101":1,"102":2,"103":2,"104":1,"105":1,"106":1,"107":1,"108":1,"109":1,"110":8,"111":8,"112":8,"113":8,"114":2,"115":6,"116":1,"117":3,"118":3,"119":3,"120":3,"121":3,"122":1,"123":1,"124":5,"125":5,"126":5,"127":5,"128":5,"129":5,"130":5,"131":1,"132":1,"133":1,"134":1,"135":1,"136":0,"137":1,"138":1,"139":4,"140":4,"141":4,"142":4,"143":1,"144":3,"145":4,"146":4},"f":{"0":5,"1":5,"2":4,"3":4,"4":1,"5":1,"6":3,"7":3,"8":4,"9":4,"10":4,"11":4,"12":8,"13":8,"14":3,"15":3,"16":5,"17":5,"18":1,"19":1,"20":4,"21":4},"b":{"0":[1],"1":[1],"2":[1],"3":[1,1],"4":[0],"5":[1],"6":[1],"7":[1,1],"8":[1,0],"9":[2,1],"10":[3,3],"11":[1,2],"12":[3,3],"13":[1],"14":[1],"15":[0],"16":[1,1],"17":[0,1],"18":[1,1],"19":[0],"20":[3,1],"21":[4,4],"22":[1,3],"23":[4,4],"24":[1],"25":[1],"26":[3,3],"27":[1],"28":[0,2],"29":[2,2],"30":[3,1],"31":[4,4],"32":[1,3],"33":[4,4],"34":[1],"35":[1],"36":[1],"37":[2],"38":[6,2],"39":[8,2],"40":[0],"41":[3,1],"42":[4,3],"43":[1,3]}}
,"D:\\Alonso\\Proyectos\\JS\\Dolcelina\\microservices\\auth-microservice\\src\\controllers\\authorization.controller.ts": {"path":"D:\\Alonso\\Proyectos\\JS\\Dolcelina\\microservices\\auth-microservice\\src\\controllers\\authorization.controller.ts","statementMap":{"0":{"start":{"line":2,"column":0},"end":{"line":2,"column":53}},"1":{"start":{"line":4,"column":0},"end":{"line":4,"column":62}},"2":{"start":{"line":5,"column":0},"end":{"line":5,"column":57}},"3":{"start":{"line":7,"column":37},"end":{"line":25,"column":2}},"4":{"start":{"line":10,"column":4},"end":{"line":25,"column":2}},"5":{"start":{"line":11,"column":47},"end":{"line":11,"column":55}},"6":{"start":{"line":12,"column":24},"end":{"line":12,"column":71}},"7":{"start":{"line":14,"column":28},"end":{"line":16,"column":13}},"8":{"start":{"line":18,"column":4},"end":{"line":24,"column":6}},"9":{"start":{"line":7,"column":13},"end":{"line":7,"column":37}},"10":{"start":{"line":27,"column":31},"end":{"line":42,"column":2}},"11":{"start":{"line":32,"column":4},"end":{"line":42,"column":2}},"12":{"start":{"line":33,"column":36},"end":{"line":33,"column":76}},"13":{"start":{"line":34,"column":4},"end":{"line":41,"column":6}},"14":{"start":{"line":27,"column":13},"end":{"line":27,"column":31}}},"fnMap":{"0":{"name":"(anonymous_7)","decl":{"start":{"line":7,"column":37},"end":{"line":7,"column":null}},"loc":{"start":{"line":10,"column":4},"end":{"line":25,"column":2}}},"1":{"name":"(anonymous_8)","decl":{"start":{"line":10,"column":4},"end":{"line":10,"column":null}},"loc":{"start":{"line":10,"column":4},"end":{"line":25,"column":1}}},"2":{"name":"(anonymous_9)","decl":{"start":{"line":27,"column":31},"end":{"line":27,"column":null}},"loc":{"start":{"line":32,"column":4},"end":{"line":42,"column":2}}},"3":{"name":"(anonymous_10)","decl":{"start":{"line":32,"column":4},"end":{"line":32,"column":null}},"loc":{"start":{"line":32,"column":4},"end":{"line":42,"column":1}}}},"branchMap":{"0":{"loc":{"start":{"line":12,"column":39},"end":{"line":12,"column":70}},"type":"cond-expr","locations":[{"start":{"line":12,"column":64},"end":{"line":12,"column":68}},{"start":{"line":12,"column":68},"end":{"line":12,"column":70}}]},"1":{"loc":{"start":{"line":12,"column":39},"end":{"line":12,"column":68}},"type":"binary-expr","locations":[{"start":{"line":12,"column":39},"end":{"line":12,"column":68}},{"start":{"line":12,"column":64},"end":{"line":12,"column":68}}]},"2":{"loc":{"start":{"line":40,"column":32},"end":{"line":40,"column":55}},"type":"cond-expr","locations":[{"start":{"line":40,"column":51},"end":{"line":40,"column":53}},{"start":{"line":40,"column":32},"end":{"line":40,"column":55}}]},"3":{"loc":{"start":{"line":40,"column":32},"end":{"line":40,"column":53}},"type":"binary-expr","locations":[{"start":{"line":40,"column":32},"end":{"line":40,"column":53}},{"start":{"line":40,"column":32},"end":{"line":40,"column":53}}]}},"s":{"0":1,"1":1,"2":1,"3":1,"4":1,"5":1,"6":1,"7":1,"8":1,"9":1,"10":1,"11":1,"12":1,"13":1,"14":1},"f":{"0":1,"1":1,"2":1,"3":1},"b":{"0":[1,0],"1":[1,1],"2":[0,1],"3":[1,1]}}
,"D:\\Alonso\\Proyectos\\JS\\Dolcelina\\microservices\\auth-microservice\\src\\controllers\\oauth.controller.ts": {"path":"D:\\Alonso\\Proyectos\\JS\\Dolcelina\\microservices\\auth-microservice\\src\\controllers\\oauth.controller.ts","statementMap":{"0":{"start":{"line":1,"column":0},"end":{"line":1,"column":null}},"1":{"start":{"line":20,"column":0},"end":{"line":20,"column":26}},"2":{"start":{"line":22,"column":0},"end":{"line":22,"column":65}},"3":{"start":{"line":23,"column":0},"end":{"line":23,"column":34}},"4":{"start":{"line":24,"column":0},"end":{"line":24,"column":28}},"5":{"start":{"line":25,"column":0},"end":{"line":25,"column":60}},"6":{"start":{"line":26,"column":0},"end":{"line":26,"column":49}},"7":{"start":{"line":27,"column":0},"end":{"line":27,"column":33}},"8":{"start":{"line":28,"column":0},"end":{"line":28,"column":62}},"9":{"start":{"line":29,"column":0},"end":{"line":29,"column":57}},"10":{"start":{"line":30,"column":0},"end":{"line":30,"column":63}},"11":{"start":{"line":32,"column":21},"end":{"line":32,"column":53}},"12":{"start":{"line":33,"column":27},"end":{"line":33,"column":71}},"13":{"start":{"line":35,"column":39},"end":{"line":54,"column":2}},"14":{"start":{"line":35,"column":77},"end":{"line":54,"column":2}},"15":{"start":{"line":36,"column":4},"end":{"line":53,"column":5}},"16":{"start":{"line":37,"column":31},"end":{"line":37,"column":63}},"17":{"start":{"line":39,"column":12},"end":{"line":39,"column":85}},"18":{"start":{"line":40,"column":8},"end":{"line":43,"column":15}},"19":{"start":{"line":41,"column":12},"end":{"line":43,"column":15}},"20":{"start":{"line":45,"column":8},"end":{"line":50,"column":10}},"21":{"start":{"line":52,"column":8},"end":{"line":52,"column":56}},"22":{"start":{"line":35,"column":13},"end":{"line":35,"column":39}},"23":{"start":{"line":56,"column":44},"end":{"line":86,"column":2}},"24":{"start":{"line":59,"column":4},"end":{"line":86,"column":2}},"25":{"start":{"line":60,"column":21},"end":{"line":60,"column":29}},"26":{"start":{"line":61,"column":42},"end":{"line":61,"column":62}},"27":{"start":{"line":62,"column":4},"end":{"line":85,"column":5}},"28":{"start":{"line":63,"column":31},"end":{"line":63,"column":63}},"29":{"start":{"line":65,"column":12},"end":{"line":65,"column":85}},"30":{"start":{"line":66,"column":8},"end":{"line":66,"column":60}},"31":{"start":{"line":66,"column":29},"end":{"line":66,"column":60}},"32":{"start":{"line":67,"column":25},"end":{"line":73,"column":10}},"33":{"start":{"line":75,"column":8},"end":{"line":75,"column":98}},"34":{"start":{"line":75,"column":29},"end":{"line":75,"column":98}},"35":{"start":{"line":77,"column":21},"end":{"line":77,"column":71}},"36":{"start":{"line":79,"column":24},"end":{"line":79,"column":52}},"37":{"start":{"line":80,"column":24},"end":{"line":80,"column":83}},"38":{"start":{"line":82,"column":8},"end":{"line":82,"column":54}},"39":{"start":{"line":84,"column":8},"end":{"line":84,"column":56}},"40":{"start":{"line":56,"column":13},"end":{"line":56,"column":44}},"41":{"start":{"line":88,"column":25},"end":{"line":114,"column":2}},"42":{"start":{"line":88,"column":78},"end":{"line":114,"column":2}},"43":{"start":{"line":89,"column":56},"end":{"line":89,"column":60}},"44":{"start":{"line":91,"column":22},"end":{"line":91,"column":58}},"45":{"start":{"line":92,"column":22},"end":{"line":92,"column":75}},"46":{"start":{"line":94,"column":4},"end":{"line":94,"column":36}},"47":{"start":{"line":94,"column":19},"end":{"line":94,"column":36}},"48":{"start":{"line":96,"column":17},"end":{"line":99,"column":22}},"49":{"start":{"line":100,"column":21},"end":{"line":100,"column":53}},"50":{"start":{"line":101,"column":20},"end":{"line":112,"column":6}},"51":{"start":{"line":113,"column":4},"end":{"line":113,"column":19}},"52":{"start":{"line":116,"column":26},"end":{"line":129,"column":2}},"53":{"start":{"line":116,"column":89},"end":{"line":129,"column":2}},"54":{"start":{"line":117,"column":21},"end":{"line":117,"column":43}},"55":{"start":{"line":118,"column":27},"end":{"line":127,"column":6}},"56":{"start":{"line":128,"column":4},"end":{"line":128,"column":26}}},"fnMap":{"0":{"name":"(anonymous_8)","decl":{"start":{"line":35,"column":39},"end":{"line":35,"column":46}},"loc":{"start":{"line":35,"column":77},"end":{"line":54,"column":2}}},"1":{"name":"(anonymous_9)","decl":{"start":{"line":35,"column":77},"end":{"line":35,"column":null}},"loc":{"start":{"line":35,"column":77},"end":{"line":54,"column":1}}},"2":{"name":"(anonymous_10)","decl":{"start":{"line":56,"column":44},"end":{"line":56,"column":null}},"loc":{"start":{"line":59,"column":4},"end":{"line":86,"column":2}}},"3":{"name":"(anonymous_11)","decl":{"start":{"line":59,"column":4},"end":{"line":59,"column":null}},"loc":{"start":{"line":59,"column":4},"end":{"line":86,"column":1}}},"4":{"name":"(anonymous_12)","decl":{"start":{"line":88,"column":25},"end":{"line":88,"column":32}},"loc":{"start":{"line":88,"column":78},"end":{"line":114,"column":2}}},"5":{"name":"(anonymous_13)","decl":{"start":{"line":88,"column":78},"end":{"line":88,"column":null}},"loc":{"start":{"line":88,"column":78},"end":{"line":114,"column":1}}},"6":{"name":"(anonymous_14)","decl":{"start":{"line":116,"column":26},"end":{"line":116,"column":33}},"loc":{"start":{"line":116,"column":89},"end":{"line":129,"column":2}}},"7":{"name":"(anonymous_15)","decl":{"start":{"line":116,"column":89},"end":{"line":116,"column":null}},"loc":{"start":{"line":116,"column":89},"end":{"line":129,"column":1}}}},"branchMap":{"0":{"loc":{"start":{"line":40,"column":8},"end":{"line":43,"column":15}},"type":"if","locations":[{"start":{"line":40,"column":8},"end":{"line":43,"column":15}}]},"1":{"loc":{"start":{"line":66,"column":8},"end":{"line":66,"column":60}},"type":"if","locations":[{"start":{"line":66,"column":8},"end":{"line":66,"column":60}}]},"2":{"loc":{"start":{"line":75,"column":8},"end":{"line":75,"column":98}},"type":"if","locations":[{"start":{"line":75,"column":8},"end":{"line":75,"column":98}}]},"3":{"loc":{"start":{"line":75,"column":13},"end":{"line":75,"column":27}},"type":"cond-expr","locations":[{"start":{"line":75,"column":17},"end":{"line":75,"column":19}},{"start":{"line":75,"column":13},"end":{"line":75,"column":27}}]},"4":{"loc":{"start":{"line":75,"column":13},"end":{"line":75,"column":19}},"type":"binary-expr","locations":[{"start":{"line":75,"column":13},"end":{"line":75,"column":19}},{"start":{"line":75,"column":13},"end":{"line":75,"column":19}}]},"5":{"loc":{"start":{"line":94,"column":4},"end":{"line":94,"column":36}},"type":"if","locations":[{"start":{"line":94,"column":4},"end":{"line":94,"column":36}}]},"6":{"loc":{"start":{"line":122,"column":18},"end":{"line":122,"column":71}},"type":"cond-expr","locations":[{"start":{"line":122,"column":61},"end":{"line":122,"column":66}},{"start":{"line":122,"column":69},"end":{"line":122,"column":71}}]}},"s":{"0":1,"1":1,"2":1,"3":1,"4":1,"5":1,"6":1,"7":1,"8":1,"9":1,"10":1,"11":1,"12":1,"13":1,"14":3,"15":3,"16":3,"17":3,"18":2,"19":1,"20":1,"21":1,"22":1,"23":1,"24":4,"25":4,"26":4,"27":4,"28":4,"29":4,"30":4,"31":1,"32":3,"33":3,"34":1,"35":2,"36":2,"37":2,"38":2,"39":0,"40":1,"41":1,"42":2,"43":2,"44":2,"45":2,"46":2,"47":1,"48":1,"49":1,"50":1,"51":1,"52":1,"53":2,"54":2,"55":2,"56":2},"f":{"0":3,"1":3,"2":4,"3":4,"4":2,"5":2,"6":2,"7":2},"b":{"0":[1],"1":[1],"2":[1],"3":[0,3],"4":[3,3],"5":[1],"6":[0,2]}}
,"D:\\Alonso\\Proyectos\\JS\\Dolcelina\\microservices\\auth-microservice\\src\\controllers\\users.controller.ts": {"path":"D:\\Alonso\\Proyectos\\JS\\Dolcelina\\microservices\\auth-microservice\\src\\controllers\\users.controller.ts","statementMap":{"0":{"start":{"line":2,"column":0},"end":{"line":2,"column":31}},"1":{"start":{"line":3,"column":0},"end":{"line":3,"column":null}},"2":{"start":{"line":11,"column":0},"end":{"line":11,"column":65}},"3":{"start":{"line":13,"column":0},"end":{"line":13,"column":27}},"4":{"start":{"line":14,"column":0},"end":{"line":14,"column":28}},"5":{"start":{"line":16,"column":30},"end":{"line":46,"column":2}},"6":{"start":{"line":19,"column":4},"end":{"line":46,"column":2}},"7":{"start":{"line":20,"column":38},"end":{"line":20,"column":47}},"8":{"start":{"line":22,"column":22},"end":{"line":22,"column":58}},"9":{"start":{"line":23,"column":28},"end":{"line":43,"column":6}},"10":{"start":{"line":45,"column":4},"end":{"line":45,"column":81}},"11":{"start":{"line":16,"column":13},"end":{"line":16,"column":30}},"12":{"start":{"line":48,"column":33},"end":{"line":68,"column":2}},"13":{"start":{"line":48,"column":87},"end":{"line":68,"column":2}},"14":{"start":{"line":49,"column":19},"end":{"line":49,"column":29}},"15":{"start":{"line":51,"column":22},"end":{"line":51,"column":58}},"16":{"start":{"line":52,"column":22},"end":{"line":63,"column":6}},"17":{"start":{"line":65,"column":4},"end":{"line":65,"column":86}},"18":{"start":{"line":65,"column":20},"end":{"line":65,"column":86}},"19":{"start":{"line":67,"column":4},"end":{"line":67,"column":78}},"20":{"start":{"line":48,"column":13},"end":{"line":48,"column":33}},"21":{"start":{"line":70,"column":32},"end":{"line":123,"column":2}},"22":{"start":{"line":73,"column":4},"end":{"line":123,"column":2}},"23":{"start":{"line":74,"column":19},"end":{"line":74,"column":29}},"24":{"start":{"line":85,"column":8},"end":{"line":85,"column":16}},"25":{"start":{"line":87,"column":22},"end":{"line":87,"column":58}},"26":{"start":{"line":88,"column":22},"end":{"line":88,"column":58}},"27":{"start":{"line":90,"column":4},"end":{"line":90,"column":86}},"28":{"start":{"line":90,"column":20},"end":{"line":90,"column":86}},"29":{"start":{"line":92,"column":4},"end":{"line":103,"column":5}},"30":{"start":{"line":93,"column":29},"end":{"line":100,"column":10}},"31":{"start":{"line":102,"column":8},"end":{"line":102,"column":95}},"32":{"start":{"line":102,"column":26},"end":{"line":102,"column":95}},"33":{"start":{"line":105,"column":51},"end":{"line":107,"column":6}},"34":{"start":{"line":109,"column":4},"end":{"line":109,"column":54}},"35":{"start":{"line":109,"column":28},"end":{"line":109,"column":54}},"36":{"start":{"line":110,"column":4},"end":{"line":110,"column":66}},"37":{"start":{"line":110,"column":32},"end":{"line":110,"column":66}},"38":{"start":{"line":111,"column":4},"end":{"line":111,"column":57}},"39":{"start":{"line":111,"column":29},"end":{"line":111,"column":57}},"40":{"start":{"line":112,"column":4},"end":{"line":112,"column":66}},"41":{"start":{"line":112,"column":32},"end":{"line":112,"column":66}},"42":{"start":{"line":113,"column":4},"end":{"line":113,"column":78}},"43":{"start":{"line":113,"column":36},"end":{"line":113,"column":78}},"44":{"start":{"line":114,"column":4},"end":{"line":114,"column":69}},"45":{"start":{"line":114,"column":33},"end":{"line":114,"column":69}},"46":{"start":{"line":115,"column":4},"end":{"line":115,"column":66}},"47":{"start":{"line":115,"column":32},"end":{"line":115,"column":66}},"48":{"start":{"line":116,"column":4},"end":{"line":116,"column":77}},"49":{"start":{"line":116,"column":33},"end":{"line":116,"column":77}},"50":{"start":{"line":117,"column":4},"end":{"line":117,"column":84}},"51":{"start":{"line":117,"column":32},"end":{"line":117,"column":84}},"52":{"start":{"line":119,"column":24},"end":{"line":119,"column":61}},"53":{"start":{"line":120,"column":41},"end":{"line":120,"column":63}},"54":{"start":{"line":120,"column":23},"end":{"line":120,"column":28}},"55":{"start":{"line":120,"column":36},"end":{"line":120,"column":41}},"56":{"start":{"line":122,"column":4},"end":{"line":122,"column":77}},"57":{"start":{"line":70,"column":13},"end":{"line":70,"column":32}},"58":{"start":{"line":125,"column":32},"end":{"line":140,"column":2}},"59":{"start":{"line":125,"column":86},"end":{"line":140,"column":2}},"60":{"start":{"line":126,"column":19},"end":{"line":126,"column":29}},"61":{"start":{"line":128,"column":22},"end":{"line":128,"column":58}},"62":{"start":{"line":129,"column":22},"end":{"line":129,"column":58}},"63":{"start":{"line":131,"column":4},"end":{"line":131,"column":86}},"64":{"start":{"line":131,"column":20},"end":{"line":131,"column":86}},"65":{"start":{"line":133,"column":24},"end":{"line":136,"column":6}},"66":{"start":{"line":137,"column":41},"end":{"line":137,"column":63}},"67":{"start":{"line":137,"column":23},"end":{"line":137,"column":28}},"68":{"start":{"line":137,"column":36},"end":{"line":137,"column":41}},"69":{"start":{"line":139,"column":4},"end":{"line":139,"column":77}},"70":{"start":{"line":125,"column":13},"end":{"line":125,"column":32}},"71":{"start":{"line":142,"column":29},"end":{"line":166,"column":2}},"72":{"start":{"line":142,"column":83},"end":{"line":166,"column":2}},"73":{"start":{"line":143,"column":19},"end":{"line":143,"column":29}},"74":{"start":{"line":145,"column":22},"end":{"line":145,"column":58}},"75":{"start":{"line":146,"column":22},"end":{"line":146,"column":58}},"76":{"start":{"line":148,"column":4},"end":{"line":148,"column":86}},"77":{"start":{"line":148,"column":20},"end":{"line":148,"column":86}},"78":{"start":{"line":150,"column":20},"end":{"line":155,"column":6}},"79":{"start":{"line":157,"column":4},"end":{"line":157,"column":25}},"80":{"start":{"line":159,"column":24},"end":{"line":162,"column":6}},"81":{"start":{"line":163,"column":41},"end":{"line":163,"column":63}},"82":{"start":{"line":163,"column":23},"end":{"line":163,"column":28}},"83":{"start":{"line":163,"column":36},"end":{"line":163,"column":41}},"84":{"start":{"line":165,"column":4},"end":{"line":165,"column":86}},"85":{"start":{"line":142,"column":13},"end":{"line":142,"column":29}}},"fnMap":{"0":{"name":"(anonymous_9)","decl":{"start":{"line":16,"column":30},"end":{"line":16,"column":null}},"loc":{"start":{"line":19,"column":4},"end":{"line":46,"column":2}}},"1":{"name":"(anonymous_10)","decl":{"start":{"line":19,"column":4},"end":{"line":19,"column":null}},"loc":{"start":{"line":19,"column":4},"end":{"line":46,"column":1}}},"2":{"name":"(anonymous_11)","decl":{"start":{"line":48,"column":33},"end":{"line":48,"column":40}},"loc":{"start":{"line":48,"column":87},"end":{"line":68,"column":2}}},"3":{"name":"(anonymous_12)","decl":{"start":{"line":48,"column":87},"end":{"line":48,"column":null}},"loc":{"start":{"line":48,"column":87},"end":{"line":68,"column":1}}},"4":{"name":"(anonymous_13)","decl":{"start":{"line":70,"column":32},"end":{"line":70,"column":null}},"loc":{"start":{"line":73,"column":4},"end":{"line":123,"column":2}}},"5":{"name":"(anonymous_14)","decl":{"start":{"line":73,"column":4},"end":{"line":73,"column":null}},"loc":{"start":{"line":73,"column":4},"end":{"line":123,"column":1}}},"6":{"name":"(anonymous_15)","decl":{"start":{"line":125,"column":32},"end":{"line":125,"column":39}},"loc":{"start":{"line":125,"column":86},"end":{"line":140,"column":2}}},"7":{"name":"(anonymous_16)","decl":{"start":{"line":125,"column":86},"end":{"line":125,"column":null}},"loc":{"start":{"line":125,"column":86},"end":{"line":140,"column":1}}},"8":{"name":"(anonymous_17)","decl":{"start":{"line":142,"column":29},"end":{"line":142,"column":36}},"loc":{"start":{"line":142,"column":83},"end":{"line":166,"column":2}}},"9":{"name":"(anonymous_18)","decl":{"start":{"line":142,"column":83},"end":{"line":142,"column":null}},"loc":{"start":{"line":142,"column":83},"end":{"line":166,"column":1}}}},"branchMap":{"0":{"loc":{"start":{"line":24,"column":15},"end":{"line":30,"column":23}},"type":"cond-expr","locations":[{"start":{"line":25,"column":14},"end":{"line":29,"column":null}},{"start":{"line":30,"column":14},"end":{"line":30,"column":23}}]},"1":{"loc":{"start":{"line":65,"column":4},"end":{"line":65,"column":86}},"type":"if","locations":[{"start":{"line":65,"column":4},"end":{"line":65,"column":86}}]},"2":{"loc":{"start":{"line":90,"column":4},"end":{"line":90,"column":86}},"type":"if","locations":[{"start":{"line":90,"column":4},"end":{"line":90,"column":86}}]},"3":{"loc":{"start":{"line":92,"column":4},"end":{"line":103,"column":5}},"type":"if","locations":[{"start":{"line":92,"column":4},"end":{"line":103,"column":5}}]},"4":{"loc":{"start":{"line":92,"column":8},"end":{"line":92,"column":25}},"type":"binary-expr","locations":[{"start":{"line":92,"column":8},"end":{"line":92,"column":16}},{"start":{"line":92,"column":20},"end":{"line":92,"column":25}}]},"5":{"loc":{"start":{"line":102,"column":8},"end":{"line":102,"column":95}},"type":"if","locations":[{"start":{"line":102,"column":8},"end":{"line":102,"column":95}}]},"6":{"loc":{"start":{"line":109,"column":4},"end":{"line":109,"column":54}},"type":"if","locations":[{"start":{"line":109,"column":4},"end":{"line":109,"column":54}}]},"7":{"loc":{"start":{"line":110,"column":4},"end":{"line":110,"column":66}},"type":"if","locations":[{"start":{"line":110,"column":4},"end":{"line":110,"column":66}}]},"8":{"loc":{"start":{"line":111,"column":4},"end":{"line":111,"column":57}},"type":"if","locations":[{"start":{"line":111,"column":4},"end":{"line":111,"column":57}}]},"9":{"loc":{"start":{"line":112,"column":4},"end":{"line":112,"column":66}},"type":"if","locations":[{"start":{"line":112,"column":4},"end":{"line":112,"column":66}}]},"10":{"loc":{"start":{"line":113,"column":4},"end":{"line":113,"column":78}},"type":"if","locations":[{"start":{"line":113,"column":4},"end":{"line":113,"column":78}}]},"11":{"loc":{"start":{"line":114,"column":4},"end":{"line":114,"column":69}},"type":"if","locations":[{"start":{"line":114,"column":4},"end":{"line":114,"column":69}}]},"12":{"loc":{"start":{"line":115,"column":4},"end":{"line":115,"column":66}},"type":"if","locations":[{"start":{"line":115,"column":4},"end":{"line":115,"column":66}}]},"13":{"loc":{"start":{"line":116,"column":4},"end":{"line":116,"column":77}},"type":"if","locations":[{"start":{"line":116,"column":4},"end":{"line":116,"column":77}}]},"14":{"loc":{"start":{"line":116,"column":59},"end":{"line":116,"column":76}},"type":"cond-expr","locations":[{"start":{"line":116,"column":71},"end":{"line":116,"column":72}},{"start":{"line":116,"column":75},"end":{"line":116,"column":76}}]},"15":{"loc":{"start":{"line":117,"column":4},"end":{"line":117,"column":84}},"type":"if","locations":[{"start":{"line":117,"column":4},"end":{"line":117,"column":84}}]},"16":{"loc":{"start":{"line":131,"column":4},"end":{"line":131,"column":86}},"type":"if","locations":[{"start":{"line":131,"column":4},"end":{"line":131,"column":86}}]},"17":{"loc":{"start":{"line":148,"column":4},"end":{"line":148,"column":86}},"type":"if","locations":[{"start":{"line":148,"column":4},"end":{"line":148,"column":86}}]}},"s":{"0":1,"1":1,"2":1,"3":1,"4":1,"5":1,"6":2,"7":2,"8":2,"9":2,"10":2,"11":1,"12":1,"13":2,"14":2,"15":2,"16":2,"17":2,"18":1,"19":1,"20":1,"21":1,"22":5,"23":5,"24":5,"25":5,"26":5,"27":5,"28":1,"29":4,"30":2,"31":2,"32":1,"33":3,"34":3,"35":2,"36":3,"37":1,"38":3,"39":1,"40":3,"41":1,"42":3,"43":1,"44":3,"45":1,"46":3,"47":1,"48":3,"49":2,"50":3,"51":1,"52":3,"53":3,"54":3,"55":3,"56":3,"57":1,"58":1,"59":2,"60":2,"61":2,"62":2,"63":2,"64":1,"65":1,"66":1,"67":1,"68":1,"69":1,"70":1,"71":1,"72":2,"73":2,"74":2,"75":2,"76":2,"77":1,"78":1,"79":1,"80":1,"81":1,"82":1,"83":1,"84":1,"85":1},"f":{"0":2,"1":2,"2":2,"3":2,"4":5,"5":5,"6":2,"7":2,"8":2,"9":2},"b":{"0":[1,1],"1":[1],"2":[1],"3":[2],"4":[4,2],"5":[1],"6":[2],"7":[1],"8":[1],"9":[1],"10":[1],"11":[1],"12":[1],"13":[2],"14":[1,1],"15":[1],"16":[1],"17":[1]}}
,"D:\\Alonso\\Proyectos\\JS\\Dolcelina\\microservices\\auth-microservice\\src\\models\\mariadb\\address.ts": {"path":"D:\\Alonso\\Proyectos\\JS\\Dolcelina\\microservices\\auth-microservice\\src\\models\\mariadb\\address.ts","statementMap":{"0":{"start":{"line":2,"column":0},"end":{"line":2,"column":55}},"1":{"start":{"line":43,"column":4},"end":{"line":87,"column":5}},"2":{"start":{"line":20,"column":0},"end":{"line":20,"column":13}}},"fnMap":{"0":{"name":"(anonymous_0)","decl":{"start":{"line":42,"column":2},"end":{"line":42,"column":8}},"loc":{"start":{"line":42,"column":49},"end":{"line":88,"column":3}}}},"branchMap":{},"s":{"0":1,"1":1,"2":1},"f":{"0":1},"b":{}}
,"D:\\Alonso\\Proyectos\\JS\\Dolcelina\\microservices\\auth-microservice\\src\\models\\mariadb\\ban_case.ts": {"path":"D:\\Alonso\\Proyectos\\JS\\Dolcelina\\microservices\\auth-microservice\\src\\models\\mariadb\\ban_case.ts","statementMap":{"0":{"start":{"line":2,"column":0},"end":{"line":2,"column":55}},"1":{"start":{"line":47,"column":4},"end":{"line":125,"column":5}},"2":{"start":{"line":23,"column":0},"end":{"line":23,"column":13}}},"fnMap":{"0":{"name":"(anonymous_0)","decl":{"start":{"line":46,"column":2},"end":{"line":46,"column":8}},"loc":{"start":{"line":46,"column":49},"end":{"line":126,"column":3}}}},"branchMap":{},"s":{"0":1,"1":1,"2":1},"f":{"0":1},"b":{}}
,"D:\\Alonso\\Proyectos\\JS\\Dolcelina\\microservices\\auth-microservice\\src\\models\\mariadb\\banner.ts": {"path":"D:\\Alonso\\Proyectos\\JS\\Dolcelina\\microservices\\auth-microservice\\src\\models\\mariadb\\banner.ts","statementMap":{"0":{"start":{"line":2,"column":0},"end":{"line":2,"column":55}},"1":{"start":{"line":40,"column":4},"end":{"line":106,"column":5}},"2":{"start":{"line":24,"column":0},"end":{"line":24,"column":13}}},"fnMap":{"0":{"name":"(anonymous_0)","decl":{"start":{"line":39,"column":2},"end":{"line":39,"column":8}},"loc":{"start":{"line":39,"column":49},"end":{"line":107,"column":3}}}},"branchMap":{},"s":{"0":1,"1":1,"2":1},"f":{"0":1},"b":{}}
,"D:\\Alonso\\Proyectos\\JS\\Dolcelina\\microservices\\auth-microservice\\src\\models\\mariadb\\category.ts": {"path":"D:\\Alonso\\Proyectos\\JS\\Dolcelina\\microservices\\auth-microservice\\src\\models\\mariadb\\category.ts","statementMap":{"0":{"start":{"line":2,"column":0},"end":{"line":2,"column":55}},"1":{"start":{"line":37,"column":4},"end":{"line":78,"column":5}},"2":{"start":{"line":17,"column":0},"end":{"line":17,"column":13}}},"fnMap":{"0":{"name":"(anonymous_0)","decl":{"start":{"line":36,"column":2},"end":{"line":36,"column":8}},"loc":{"start":{"line":36,"column":49},"end":{"line":79,"column":3}}}},"branchMap":{},"s":{"0":1,"1":1,"2":1},"f":{"0":1},"b":{}}
,"D:\\Alonso\\Proyectos\\JS\\Dolcelina\\microservices\\auth-microservice\\src\\models\\mariadb\\init-models.ts": {"path":"D:\\Alonso\\Proyectos\\JS\\Dolcelina\\microservices\\auth-microservice\\src\\models\\mariadb\\init-models.ts","statementMap":{"0":{"start":{"line":64,"column":0},"end":{"line":64,"column":16}},"1":{"start":{"line":2,"column":0},"end":{"line":2,"column":20}},"2":{"start":{"line":26,"column":14},"end":{"line":2,"column":48}},"3":{"start":{"line":4,"column":0},"end":{"line":4,"column":21}},"4":{"start":{"line":27,"column":15},"end":{"line":4,"column":51}},"5":{"start":{"line":6,"column":0},"end":{"line":6,"column":19}},"6":{"start":{"line":28,"column":13},"end":{"line":6,"column":45}},"7":{"start":{"line":8,"column":0},"end":{"line":8,"column":21}},"8":{"start":{"line":29,"column":15},"end":{"line":8,"column":51}},"9":{"start":{"line":10,"column":0},"end":{"line":10,"column":23}},"10":{"start":{"line":30,"column":17},"end":{"line":10,"column":57}},"11":{"start":{"line":12,"column":0},"end":{"line":12,"column":18}},"12":{"start":{"line":31,"column":12},"end":{"line":12,"column":42}},"13":{"start":{"line":14,"column":0},"end":{"line":14,"column":27}},"14":{"start":{"line":32,"column":21},"end":{"line":14,"column":69}},"15":{"start":{"line":16,"column":0},"end":{"line":16,"column":26}},"16":{"start":{"line":33,"column":20},"end":{"line":16,"column":66}},"17":{"start":{"line":18,"column":0},"end":{"line":18,"column":20}},"18":{"start":{"line":34,"column":14},"end":{"line":18,"column":48}},"19":{"start":{"line":20,"column":0},"end":{"line":20,"column":19}},"20":{"start":{"line":35,"column":13},"end":{"line":20,"column":45}},"21":{"start":{"line":22,"column":0},"end":{"line":22,"column":17}},"22":{"start":{"line":36,"column":11},"end":{"line":22,"column":39}},"23":{"start":{"line":65,"column":18},"end":{"line":65,"column":47}},"24":{"start":{"line":66,"column":19},"end":{"line":66,"column":49}},"25":{"start":{"line":67,"column":17},"end":{"line":67,"column":45}},"26":{"start":{"line":68,"column":19},"end":{"line":68,"column":49}},"27":{"start":{"line":69,"column":21},"end":{"line":69,"column":53}},"28":{"start":{"line":70,"column":16},"end":{"line":70,"column":43}},"29":{"start":{"line":71,"column":25},"end":{"line":71,"column":61}},"30":{"start":{"line":72,"column":24},"end":{"line":72,"column":59}},"31":{"start":{"line":73,"column":18},"end":{"line":73,"column":47}},"32":{"start":{"line":74,"column":17},"end":{"line":74,"column":45}},"33":{"start":{"line":75,"column":15},"end":{"line":75,"column":41}},"34":{"start":{"line":77,"column":2},"end":{"line":77,"column":89}},"35":{"start":{"line":78,"column":2},"end":{"line":78,"column":77}},"36":{"start":{"line":79,"column":2},"end":{"line":79,"column":76}},"37":{"start":{"line":80,"column":2},"end":{"line":80,"column":74}},"38":{"start":{"line":81,"column":2},"end":{"line":81,"column":70}},"39":{"start":{"line":82,"column":2},"end":{"line":82,"column":74}},"40":{"start":{"line":83,"column":2},"end":{"line":83,"column":76}},"41":{"start":{"line":84,"column":2},"end":{"line":84,"column":78}},"42":{"start":{"line":85,"column":2},"end":{"line":85,"column":72}},"43":{"start":{"line":86,"column":2},"end":{"line":86,"column":70}},"44":{"start":{"line":87,"column":2},"end":{"line":87,"column":83}},"45":{"start":{"line":88,"column":2},"end":{"line":88,"column":77}},"46":{"start":{"line":89,"column":2},"end":{"line":89,"column":93}},"47":{"start":{"line":90,"column":2},"end":{"line":90,"column":101}},"48":{"start":{"line":91,"column":2},"end":{"line":91,"column":63}},"49":{"start":{"line":92,"column":2},"end":{"line":92,"column":64}},"50":{"start":{"line":94,"column":2},"end":{"line":106,"column":4}}},"fnMap":{"0":{"name":"(anonymous_0)","decl":{"start":{"line":26,"column":14},"end":{"line":26,"column":21}},"loc":{"start":{"line":26,"column":14},"end":{"line":2,"column":48}}},"1":{"name":"(anonymous_1)","decl":{"start":{"line":27,"column":15},"end":{"line":27,"column":23}},"loc":{"start":{"line":27,"column":15},"end":{"line":4,"column":51}}},"2":{"name":"(anonymous_2)","decl":{"start":{"line":28,"column":13},"end":{"line":28,"column":19}},"loc":{"start":{"line":28,"column":13},"end":{"line":6,"column":45}}},"3":{"name":"(anonymous_3)","decl":{"start":{"line":29,"column":15},"end":{"line":29,"column":23}},"loc":{"start":{"line":29,"column":15},"end":{"line":8,"column":51}}},"4":{"name":"(anonymous_4)","decl":{"start":{"line":30,"column":17},"end":{"line":30,"column":27}},"loc":{"start":{"line":30,"column":17},"end":{"line":10,"column":57}}},"5":{"name":"(anonymous_5)","decl":{"start":{"line":31,"column":12},"end":{"line":31,"column":17}},"loc":{"start":{"line":31,"column":12},"end":{"line":12,"column":42}}},"6":{"name":"(anonymous_6)","decl":{"start":{"line":32,"column":21},"end":{"line":32,"column":35}},"loc":{"start":{"line":32,"column":21},"end":{"line":14,"column":69}}},"7":{"name":"(anonymous_7)","decl":{"start":{"line":33,"column":20},"end":{"line":33,"column":33}},"loc":{"start":{"line":33,"column":20},"end":{"line":16,"column":66}}},"8":{"name":"(anonymous_8)","decl":{"start":{"line":34,"column":14},"end":{"line":34,"column":21}},"loc":{"start":{"line":34,"column":14},"end":{"line":18,"column":48}}},"9":{"name":"(anonymous_9)","decl":{"start":{"line":35,"column":13},"end":{"line":35,"column":19}},"loc":{"start":{"line":35,"column":13},"end":{"line":20,"column":45}}},"10":{"name":"(anonymous_10)","decl":{"start":{"line":36,"column":11},"end":{"line":36,"column":15}},"loc":{"start":{"line":36,"column":11},"end":{"line":22,"column":39}}},"11":{"name":"initModels","decl":{"start":{"line":64,"column":16},"end":{"line":64,"column":26}},"loc":{"start":{"line":64,"column":47},"end":{"line":107,"column":1}}}},"branchMap":{},"s":{"0":1,"1":1,"2":1,"3":1,"4":1,"5":1,"6":1,"7":1,"8":1,"9":1,"10":1,"11":1,"12":1,"13":1,"14":1,"15":1,"16":1,"17":1,"18":1,"19":1,"20":1,"21":1,"22":1,"23":1,"24":1,"25":1,"26":1,"27":1,"28":1,"29":1,"30":1,"31":1,"32":1,"33":1,"34":1,"35":1,"36":1,"37":1,"38":1,"39":1,"40":1,"41":1,"42":1,"43":1,"44":1,"45":1,"46":1,"47":1,"48":1,"49":1,"50":1},"f":{"0":0,"1":0,"2":0,"3":0,"4":0,"5":0,"6":0,"7":0,"8":0,"9":0,"10":0,"11":1},"b":{}}
,"D:\\Alonso\\Proyectos\\JS\\Dolcelina\\microservices\\auth-microservice\\src\\models\\mariadb\\order.ts": {"path":"D:\\Alonso\\Proyectos\\JS\\Dolcelina\\microservices\\auth-microservice\\src\\models\\mariadb\\order.ts","statementMap":{"0":{"start":{"line":2,"column":0},"end":{"line":2,"column":55}},"1":{"start":{"line":51,"column":4},"end":{"line":110,"column":5}},"2":{"start":{"line":22,"column":0},"end":{"line":22,"column":13}}},"fnMap":{"0":{"name":"(anonymous_0)","decl":{"start":{"line":50,"column":2},"end":{"line":50,"column":8}},"loc":{"start":{"line":50,"column":49},"end":{"line":111,"column":3}}}},"branchMap":{},"s":{"0":1,"1":1,"2":1},"f":{"0":1},"b":{}}
,"D:\\Alonso\\Proyectos\\JS\\Dolcelina\\microservices\\auth-microservice\\src\\models\\mariadb\\order_item.ts": {"path":"D:\\Alonso\\Proyectos\\JS\\Dolcelina\\microservices\\auth-microservice\\src\\models\\mariadb\\order_item.ts","statementMap":{"0":{"start":{"line":2,"column":0},"end":{"line":2,"column":55}},"1":{"start":{"line":37,"column":4},"end":{"line":95,"column":5}},"2":{"start":{"line":18,"column":0},"end":{"line":18,"column":13}}},"fnMap":{"0":{"name":"(anonymous_0)","decl":{"start":{"line":36,"column":2},"end":{"line":36,"column":8}},"loc":{"start":{"line":36,"column":49},"end":{"line":96,"column":3}}}},"branchMap":{},"s":{"0":1,"1":1,"2":1},"f":{"0":1},"b":{}}
,"D:\\Alonso\\Proyectos\\JS\\Dolcelina\\microservices\\auth-microservice\\src\\models\\mariadb\\payment_method.ts": {"path":"D:\\Alonso\\Proyectos\\JS\\Dolcelina\\microservices\\auth-microservice\\src\\models\\mariadb\\payment_method.ts","statementMap":{"0":{"start":{"line":2,"column":0},"end":{"line":2,"column":55}},"1":{"start":{"line":26,"column":4},"end":{"line":62,"column":5}},"2":{"start":{"line":17,"column":0},"end":{"line":17,"column":13}}},"fnMap":{"0":{"name":"(anonymous_0)","decl":{"start":{"line":25,"column":2},"end":{"line":25,"column":8}},"loc":{"start":{"line":25,"column":49},"end":{"line":63,"column":3}}}},"branchMap":{},"s":{"0":1,"1":1,"2":1},"f":{"0":1},"b":{}}
,"D:\\Alonso\\Proyectos\\JS\\Dolcelina\\microservices\\auth-microservice\\src\\models\\mariadb\\product.ts": {"path":"D:\\Alonso\\Proyectos\\JS\\Dolcelina\\microservices\\auth-microservice\\src\\models\\mariadb\\product.ts","statementMap":{"0":{"start":{"line":2,"column":0},"end":{"line":2,"column":55}},"1":{"start":{"line":98,"column":4},"end":{"line":225,"column":5}},"2":{"start":{"line":40,"column":0},"end":{"line":40,"column":13}}},"fnMap":{"0":{"name":"(anonymous_0)","decl":{"start":{"line":97,"column":2},"end":{"line":97,"column":8}},"loc":{"start":{"line":97,"column":49},"end":{"line":226,"column":3}}}},"branchMap":{},"s":{"0":1,"1":1,"2":1},"f":{"0":1},"b":{}}
,"D:\\Alonso\\Proyectos\\JS\\Dolcelina\\microservices\\auth-microservice\\src\\models\\mariadb\\product_image.ts": {"path":"D:\\Alonso\\Proyectos\\JS\\Dolcelina\\microservices\\auth-microservice\\src\\models\\mariadb\\product_image.ts","statementMap":{"0":{"start":{"line":2,"column":0},"end":{"line":2,"column":55}},"1":{"start":{"line":26,"column":4},"end":{"line":62,"column":5}},"2":{"start":{"line":17,"column":0},"end":{"line":17,"column":13}}},"fnMap":{"0":{"name":"(anonymous_0)","decl":{"start":{"line":25,"column":2},"end":{"line":25,"column":8}},"loc":{"start":{"line":25,"column":49},"end":{"line":63,"column":3}}}},"branchMap":{},"s":{"0":1,"1":1,"2":1},"f":{"0":1},"b":{}}
,"D:\\Alonso\\Proyectos\\JS\\Dolcelina\\microservices\\auth-microservice\\src\\models\\mariadb\\review.ts": {"path":"D:\\Alonso\\Proyectos\\JS\\Dolcelina\\microservices\\auth-microservice\\src\\models\\mariadb\\review.ts","statementMap":{"0":{"start":{"line":2,"column":0},"end":{"line":2,"column":55}},"1":{"start":{"line":40,"column":4},"end":{"line":102,"column":5}},"2":{"start":{"line":20,"column":0},"end":{"line":20,"column":13}}},"fnMap":{"0":{"name":"(anonymous_0)","decl":{"start":{"line":39,"column":2},"end":{"line":39,"column":8}},"loc":{"start":{"line":39,"column":49},"end":{"line":103,"column":3}}}},"branchMap":{},"s":{"0":1,"1":1,"2":1},"f":{"0":1},"b":{}}
,"D:\\Alonso\\Proyectos\\JS\\Dolcelina\\microservices\\auth-microservice\\src\\models\\mariadb\\user.ts": {"path":"D:\\Alonso\\Proyectos\\JS\\Dolcelina\\microservices\\auth-microservice\\src\\models\\mariadb\\user.ts","statementMap":{"0":{"start":{"line":1,"column":0},"end":{"line":1,"column":39}},"1":{"start":{"line":2,"column":0},"end":{"line":2,"column":55}},"2":{"start":{"line":95,"column":8},"end":{"line":167,"column":10}},"3":{"start":{"line":36,"column":0},"end":{"line":36,"column":13}}},"fnMap":{"0":{"name":"(anonymous_9)","decl":{"start":{"line":94,"column":4},"end":{"line":94,"column":10}},"loc":{"start":{"line":94,"column":51},"end":{"line":168,"column":5}}}},"branchMap":{},"s":{"0":1,"1":1,"2":1,"3":1},"f":{"0":1},"b":{}}
,"D:\\Alonso\\Proyectos\\JS\\Dolcelina\\microservices\\auth-microservice\\src\\services\\sequelize-service.ts": {"path":"D:\\Alonso\\Proyectos\\JS\\Dolcelina\\microservices\\auth-microservice\\src\\services\\sequelize-service.ts","statementMap":{"0":{"start":{"line":1,"column":0},"end":{"line":1,"column":47}},"1":{"start":{"line":2,"column":0},"end":{"line":2,"column":59}},"2":{"start":{"line":4,"column":0},"end":{"line":4,"column":25}},"3":{"start":{"line":5,"column":0},"end":{"line":5,"column":63}},"4":{"start":{"line":6,"column":0},"end":{"line":6,"column":54}},"5":{"start":{"line":13,"column":11},"end":{"line":13,"column":36}},"6":{"start":{"line":20,"column":53},"end":{"line":20,"column":64}},"7":{"start":{"line":21,"column":8},"end":{"line":21,"column":74}},"8":{"start":{"line":22,"column":8},"end":{"line":22,"column":42}},"9":{"start":{"line":23,"column":8},"end":{"line":23,"column":43}},"10":{"start":{"line":27,"column":8},"end":{"line":29,"column":9}},"11":{"start":{"line":28,"column":12},"end":{"line":28,"column":63}},"12":{"start":{"line":31,"column":8},"end":{"line":37,"column":9}},"13":{"start":{"line":32,"column":12},"end":{"line":35,"column":15}},"14":{"start":{"line":33,"column":16},"end":{"line":33,"column":58}},"15":{"start":{"line":34,"column":16},"end":{"line":34,"column":26}},"16":{"start":{"line":36,"column":12},"end":{"line":36,"column":48}},"17":{"start":{"line":39,"column":8},"end":{"line":39,"column":41}},"18":{"start":{"line":43,"column":8},"end":{"line":45,"column":9}},"19":{"start":{"line":44,"column":12},"end":{"line":44,"column":19}},"20":{"start":{"line":47,"column":8},"end":{"line":47,"column":28}},"21":{"start":{"line":48,"column":8},"end":{"line":48,"column":36}},"22":{"start":{"line":52,"column":26},"end":{"line":52,"column":91}},"23":{"start":{"line":54,"column":35},"end":{"line":69,"column":10}},"24":{"start":{"line":71,"column":8},"end":{"line":77,"column":9}},"25":{"start":{"line":72,"column":12},"end":{"line":76,"column":14}},"26":{"start":{"line":79,"column":8},"end":{"line":84,"column":10}},"27":{"start":{"line":86,"column":8},"end":{"line":86,"column":45}},"28":{"start":{"line":87,"column":8},"end":{"line":87,"column":28}},"29":{"start":{"line":91,"column":8},"end":{"line":100,"column":9}},"30":{"start":{"line":92,"column":12},"end":{"line":92,"column":48}},"31":{"start":{"line":93,"column":12},"end":{"line":95,"column":14}},"32":{"start":{"line":97,"column":12},"end":{"line":97,"column":33}},"33":{"start":{"line":98,"column":12},"end":{"line":98,"column":69}},"34":{"start":{"line":99,"column":12},"end":{"line":99,"column":22}},"35":{"start":{"line":104,"column":8},"end":{"line":108,"column":9}},"36":{"start":{"line":105,"column":12},"end":{"line":105,"column":41}},"37":{"start":{"line":106,"column":12},"end":{"line":106,"column":33}},"38":{"start":{"line":107,"column":12},"end":{"line":107,"column":54}},"39":{"start":{"line":112,"column":8},"end":{"line":116,"column":10}},"40":{"start":{"line":8,"column":0},"end":{"line":8,"column":13}}},"fnMap":{"0":{"name":"(anonymous_8)","decl":{"start":{"line":19,"column":4},"end":{"line":19,"column":null}},"loc":{"start":{"line":19,"column":4},"end":{"line":24,"column":5}}},"1":{"name":"(anonymous_9)","decl":{"start":{"line":26,"column":11},"end":{"line":26,"column":17}},"loc":{"start":{"line":26,"column":35},"end":{"line":40,"column":null}}},"2":{"name":"(anonymous_11)","decl":{"start":{"line":32,"column":91},"end":{"line":32,"column":94}},"loc":{"start":{"line":32,"column":97},"end":{"line":35,"column":13}}},"3":{"name":"(anonymous_12)","decl":{"start":{"line":42,"column":17},"end":{"line":42,"column":27}},"loc":{"start":{"line":42,"column":27},"end":{"line":49,"column":null}}},"4":{"name":"(anonymous_14)","decl":{"start":{"line":51,"column":18},"end":{"line":51,"column":24}},"loc":{"start":{"line":51,"column":24},"end":{"line":88,"column":null}}},"5":{"name":"(anonymous_16)","decl":{"start":{"line":90,"column":18},"end":{"line":90,"column":32}},"loc":{"start":{"line":90,"column":32},"end":{"line":101,"column":null}}},"6":{"name":"(anonymous_18)","decl":{"start":{"line":103,"column":17},"end":{"line":103,"column":22}},"loc":{"start":{"line":103,"column":22},"end":{"line":109,"column":null}}},"7":{"name":"(anonymous_20)","decl":{"start":{"line":111,"column":11},"end":{"line":111,"column":20}},"loc":{"start":{"line":111,"column":20},"end":{"line":117,"column":5}}}},"branchMap":{"0":{"loc":{"start":{"line":22,"column":20},"end":{"line":22,"column":41}},"type":"cond-expr","locations":[{"start":{"line":22,"column":20},"end":{"line":22,"column":26}},{"start":{"line":22,"column":30},"end":{"line":22,"column":41}}]},"1":{"loc":{"start":{"line":22,"column":20},"end":{"line":22,"column":30}},"type":"binary-expr","locations":[{"start":{"line":22,"column":20},"end":{"line":22,"column":30}},{"start":{"line":22,"column":20},"end":{"line":22,"column":30}}]},"2":{"loc":{"start":{"line":23,"column":20},"end":{"line":23,"column":42}},"type":"binary-expr","locations":[{"start":{"line":23,"column":20},"end":{"line":23,"column":34}},{"start":{"line":23,"column":38},"end":{"line":23,"column":42}}]},"3":{"loc":{"start":{"line":27,"column":8},"end":{"line":29,"column":9}},"type":"if","locations":[{"start":{"line":27,"column":8},"end":{"line":29,"column":9}}]},"4":{"loc":{"start":{"line":31,"column":8},"end":{"line":37,"column":9}},"type":"if","locations":[{"start":{"line":31,"column":8},"end":{"line":37,"column":9}}]},"5":{"loc":{"start":{"line":32,"column":12},"end":{"line":35,"column":15}},"type":"cond-expr","locations":[{"start":{"line":32,"column":41},"end":{"line":32,"column":46}},{"start":{"line":32,"column":12},"end":{"line":35,"column":14}}]},"6":{"loc":{"start":{"line":32,"column":12},"end":{"line":32,"column":46}},"type":"binary-expr","locations":[{"start":{"line":32,"column":12},"end":{"line":32,"column":46}},{"start":{"line":32,"column":41},"end":{"line":32,"column":46}}]},"7":{"loc":{"start":{"line":43,"column":8},"end":{"line":45,"column":9}},"type":"if","locations":[{"start":{"line":43,"column":8},"end":{"line":45,"column":9}}]},"8":{"loc":{"start":{"line":71,"column":8},"end":{"line":77,"column":9}},"type":"if","locations":[{"start":{"line":71,"column":8},"end":{"line":77,"column":9}}]},"9":{"loc":{"start":{"line":104,"column":8},"end":{"line":108,"column":9}},"type":"if","locations":[{"start":{"line":104,"column":8},"end":{"line":108,"column":9}}]}},"s":{"0":5,"1":5,"2":5,"3":5,"4":5,"5":4,"6":4,"7":4,"8":4,"9":4,"10":6,"11":4,"12":6,"13":5,"14":1,"15":1,"16":5,"17":5,"18":5,"19":0,"20":5,"21":5,"22":5,"23":5,"24":5,"25":1,"26":5,"27":5,"28":5,"29":5,"30":5,"31":4,"32":1,"33":1,"34":1,"35":1,"36":1,"37":1,"38":1,"39":4,"40":5},"f":{"0":4,"1":6,"2":1,"3":5,"4":5,"5":5,"6":1,"7":4},"b":{"0":[1,3],"1":[4,4],"2":[4,3],"3":[4],"4":[5],"5":[0,5],"6":[5,5],"7":[0],"8":[1],"9":[1]}}
,"D:\\Alonso\\Proyectos\\JS\\Dolcelina\\microservices\\auth-microservice\\src\\utils\\geo-helper.ts": {"path":"D:\\Alonso\\Proyectos\\JS\\Dolcelina\\microservices\\auth-microservice\\src\\utils\\geo-helper.ts","statementMap":{"0":{"start":{"line":1,"column":0},"end":{"line":1,"column":31}},"1":{"start":{"line":3,"column":34},"end":{"line":6,"column":1}},"2":{"start":{"line":4,"column":18},"end":{"line":4,"column":40}},"3":{"start":{"line":5,"column":4},"end":{"line":5,"column":93}},"4":{"start":{"line":3,"column":13},"end":{"line":3,"column":34}}},"fnMap":{"0":{"name":"(anonymous_1)","decl":{"start":{"line":3,"column":34},"end":{"line":3,"column":35}},"loc":{"start":{"line":3,"column":61},"end":{"line":6,"column":1}}}},"branchMap":{"0":{"loc":{"start":{"line":4,"column":31},"end":{"line":4,"column":39}},"type":"cond-expr","locations":[{"start":{"line":4,"column":31},"end":{"line":4,"column":33}},{"start":{"line":4,"column":37},"end":{"line":4,"column":39}}]},"1":{"loc":{"start":{"line":4,"column":31},"end":{"line":4,"column":37}},"type":"binary-expr","locations":[{"start":{"line":4,"column":31},"end":{"line":4,"column":37}},{"start":{"line":4,"column":31},"end":{"line":4,"column":37}}]},"2":{"loc":{"start":{"line":5,"column":11},"end":{"line":5,"column":92}},"type":"cond-expr","locations":[{"start":{"line":5,"column":19},"end":{"line":5,"column":80}},{"start":{"line":5,"column":83},"end":{"line":5,"column":92}}]}},"s":{"0":1,"1":1,"2":2,"3":2,"4":1},"f":{"0":2},"b":{"0":[2,0],"1":[2,2],"2":[1,1]}}
,"D:\\Alonso\\Proyectos\\JS\\Dolcelina\\microservices\\auth-microservice\\src\\utils\\session-helper.ts": {"path":"D:\\Alonso\\Proyectos\\JS\\Dolcelina\\microservices\\auth-microservice\\src\\utils\\session-helper.ts","statementMap":{"0":{"start":{"line":1,"column":0},"end":{"line":1,"column":45}},"1":{"start":{"line":4,"column":30},"end":{"line":7,"column":1}},"2":{"start":{"line":5,"column":22},"end":{"line":5,"column":53}},"3":{"start":{"line":6,"column":4},"end":{"line":6,"column":45}},"4":{"start":{"line":4,"column":13},"end":{"line":4,"column":30}}},"fnMap":{"0":{"name":"(anonymous_0)","decl":{"start":{"line":4,"column":30},"end":{"line":4,"column":31}},"loc":{"start":{"line":4,"column":56},"end":{"line":7,"column":1}}}},"branchMap":{"0":{"loc":{"start":{"line":5,"column":22},"end":{"line":5,"column":53}},"type":"cond-expr","locations":[{"start":{"line":5,"column":47},"end":{"line":5,"column":51}},{"start":{"line":5,"column":51},"end":{"line":5,"column":53}}]},"1":{"loc":{"start":{"line":5,"column":22},"end":{"line":5,"column":51}},"type":"binary-expr","locations":[{"start":{"line":5,"column":22},"end":{"line":5,"column":51}},{"start":{"line":5,"column":47},"end":{"line":5,"column":51}}]},"2":{"loc":{"start":{"line":5,"column":22},"end":{"line":5,"column":47}},"type":"cond-expr","locations":[{"start":{"line":5,"column":35},"end":{"line":5,"column":37}},{"start":{"line":5,"column":22},"end":{"line":5,"column":47}}]},"3":{"loc":{"start":{"line":5,"column":22},"end":{"line":5,"column":37}},"type":"binary-expr","locations":[{"start":{"line":5,"column":22},"end":{"line":5,"column":37}},{"start":{"line":5,"column":22},"end":{"line":5,"column":37}}]}},"s":{"0":1,"1":1,"2":1,"3":1,"4":1},"f":{"0":1},"b":{"0":[1,0],"1":[1,1],"2":[0,1],"3":[1,1]}}
}
