TN:
SF:src\constants\secrets-contants.ts
FNF:0
FNH:0
DA:1,6
DA:2,6
DA:3,6
DA:4,6
DA:5,6
LF:5
LH:5
BRF:0
BRH:0
end_of_record
TN:
SF:src\constants\service-constants.ts
FNF:0
FNH:0
DA:1,1
LF:1
LH:1
BRF:0
BRH:0
end_of_record
TN:
SF:src\controllers\authentication.controller.ts
FN:31,(anonymous_9)
FN:31,(anonymous_10)
FN:72,(anonymous_11)
FN:72,(anonymous_12)
FN:97,(anonymous_13)
FN:97,(anonymous_14)
FN:131,(anonymous_15)
FN:131,(anonymous_16)
FN:152,(anonymous_17)
FN:152,(anonymous_18)
FN:173,(anonymous_19)
FN:173,(anonymous_20)
FN:190,(anonymous_21)
FN:190,(anonymous_22)
FN:206,(anonymous_23)
FN:206,(anonymous_24)
FN:221,(anonymous_25)
FN:221,(anonymous_26)
FN:239,(anonymous_27)
FN:239,(anonymous_28)
FN:246,(anonymous_29)
FN:246,(anonymous_30)
FNF:22
FNH:22
FNDA:5,(anonymous_9)
FNDA:5,(anonymous_10)
FNDA:4,(anonymous_11)
FNDA:4,(anonymous_12)
FNDA:1,(anonymous_13)
FNDA:1,(anonymous_14)
FNDA:3,(anonymous_15)
FNDA:3,(anonymous_16)
FNDA:4,(anonymous_17)
FNDA:4,(anonymous_18)
FNDA:4,(anonymous_19)
FNDA:4,(anonymous_20)
FNDA:8,(anonymous_21)
FNDA:8,(anonymous_22)
FNDA:3,(anonymous_23)
FNDA:3,(anonymous_24)
FNDA:5,(anonymous_25)
FNDA:5,(anonymous_26)
FNDA:1,(anonymous_27)
FNDA:1,(anonymous_28)
FNDA:4,(anonymous_29)
FNDA:4,(anonymous_30)
DA:3,1
DA:4,1
DA:5,1
DA:6,1
DA:18,1
DA:20,1
DA:21,1
DA:22,1
DA:23,1
DA:24,1
DA:25,1
DA:29,1
DA:31,5
DA:32,5
DA:33,5
DA:34,5
DA:36,5
DA:37,5
DA:45,5
DA:47,4
DA:48,1
DA:50,3
DA:52,3
DA:54,2
DA:65,2
DA:67,2
DA:69,2
DA:72,4
DA:73,4
DA:74,4
DA:76,4
DA:77,4
DA:78,1
DA:80,3
DA:85,3
DA:86,1
DA:88,2
DA:90,2
DA:91,1
DA:93,1
DA:97,1
DA:98,1
DA:99,1
DA:100,1
DA:101,1
DA:102,1
DA:104,1
DA:105,1
DA:116,1
DA:126,1
DA:128,1
DA:131,3
DA:132,3
DA:133,3
DA:134,2
DA:136,2
DA:138,1
DA:139,1
DA:140,1
DA:142,1
DA:143,0
DA:145,1
DA:147,1
DA:149,1
DA:152,4
DA:153,4
DA:155,4
DA:156,4
DA:158,3
DA:160,3
DA:161,3
DA:163,3
DA:165,2
DA:167,2
DA:168,1
DA:170,1
DA:173,4
DA:174,4
DA:175,4
DA:177,3
DA:178,3
DA:180,2
DA:182,2
DA:184,1
DA:185,1
DA:187,1
DA:190,8
DA:191,8
DA:192,8
DA:200,8
DA:201,2
DA:203,6
DA:206,3
DA:207,3
DA:208,3
DA:209,3
DA:210,3
DA:221,5
DA:222,5
DA:224,5
DA:230,5
DA:236,5
DA:239,1
DA:240,1
DA:241,1
DA:242,1
DA:243,1
DA:246,4
DA:247,4
DA:248,4
DA:249,4
DA:250,1
DA:252,3
DA:254,4
DA:255,4
LF:115
LH:114
BRDA:45,0,0,1
BRDA:47,1,0,1
BRDA:52,2,0,1
BRDA:58,3,0,1
BRDA:58,3,1,1
BRDA:67,4,0,0
BRDA:77,5,0,1
BRDA:85,6,0,1
BRDA:90,7,0,1
BRDA:90,7,1,1
BRDA:120,8,0,1
BRDA:120,8,1,0
BRDA:132,9,0,2
BRDA:132,9,1,1
BRDA:132,10,0,3
BRDA:132,10,1,3
BRDA:132,11,0,1
BRDA:132,11,1,2
BRDA:132,12,0,3
BRDA:132,12,1,3
BRDA:133,13,0,1
BRDA:136,14,0,1
BRDA:142,15,0,0
BRDA:142,16,0,1
BRDA:142,16,1,1
BRDA:142,17,0,0
BRDA:142,17,1,1
BRDA:142,18,0,1
BRDA:142,18,1,1
BRDA:147,19,0,0
BRDA:155,20,0,3
BRDA:155,20,1,1
BRDA:155,21,0,4
BRDA:155,21,1,4
BRDA:155,22,0,1
BRDA:155,22,1,3
BRDA:155,23,0,4
BRDA:155,23,1,4
BRDA:156,24,0,1
BRDA:163,25,0,1
BRDA:163,26,0,3
BRDA:163,26,1,3
BRDA:167,27,0,1
BRDA:167,28,0,0
BRDA:167,28,1,2
BRDA:167,29,0,2
BRDA:167,29,1,2
BRDA:174,30,0,3
BRDA:174,30,1,1
BRDA:174,31,0,4
BRDA:174,31,1,4
BRDA:174,32,0,1
BRDA:174,32,1,3
BRDA:174,33,0,4
BRDA:174,33,1,4
BRDA:175,34,0,1
BRDA:178,35,0,1
BRDA:182,36,0,1
BRDA:200,37,0,2
BRDA:200,38,0,6
BRDA:200,38,1,2
BRDA:200,39,0,8
BRDA:200,39,1,2
BRDA:242,40,0,0
BRDA:248,41,0,3
BRDA:248,41,1,1
BRDA:248,42,0,4
BRDA:248,42,1,3
BRDA:249,43,0,1
BRDA:249,43,1,3
BRF:70
BRH:63
end_of_record
TN:
SF:src\controllers\authorization.controller.ts
FN:7,(anonymous_7)
FN:10,(anonymous_8)
FN:27,(anonymous_9)
FN:32,(anonymous_10)
FNF:4
FNH:4
FNDA:1,(anonymous_7)
FNDA:1,(anonymous_8)
FNDA:1,(anonymous_9)
FNDA:1,(anonymous_10)
DA:2,1
DA:4,1
DA:5,1
DA:7,1
DA:10,1
DA:11,1
DA:12,1
DA:14,1
DA:18,1
DA:27,1
DA:32,1
DA:33,1
DA:34,1
LF:13
LH:13
BRDA:12,0,0,1
BRDA:12,0,1,0
BRDA:12,1,0,1
BRDA:12,1,1,1
BRDA:40,2,0,0
BRDA:40,2,1,1
BRDA:40,3,0,1
BRDA:40,3,1,1
BRF:8
BRH:6
end_of_record
TN:
SF:src\controllers\oauth.controller.ts
FN:35,(anonymous_8)
FN:35,(anonymous_9)
FN:56,(anonymous_10)
FN:59,(anonymous_11)
FN:88,(anonymous_12)
FN:88,(anonymous_13)
FN:116,(anonymous_14)
FN:116,(anonymous_15)
FNF:8
FNH:8
FNDA:3,(anonymous_8)
FNDA:3,(anonymous_9)
FNDA:4,(anonymous_10)
FNDA:4,(anonymous_11)
FNDA:2,(anonymous_12)
FNDA:2,(anonymous_13)
FNDA:2,(anonymous_14)
FNDA:2,(anonymous_15)
DA:1,1
DA:20,1
DA:22,1
DA:23,1
DA:24,1
DA:25,1
DA:26,1
DA:27,1
DA:28,1
DA:29,1
DA:30,1
DA:32,1
DA:33,1
DA:35,3
DA:36,3
DA:37,3
DA:39,3
DA:40,2
DA:41,1
DA:45,1
DA:52,1
DA:56,1
DA:59,4
DA:60,4
DA:61,4
DA:62,4
DA:63,4
DA:65,4
DA:66,4
DA:67,3
DA:75,3
DA:77,2
DA:79,2
DA:80,2
DA:82,2
DA:84,0
DA:88,2
DA:89,2
DA:91,2
DA:92,2
DA:94,2
DA:96,1
DA:100,1
DA:101,1
DA:113,1
DA:116,2
DA:117,2
DA:118,2
DA:128,2
LF:49
LH:48
BRDA:40,0,0,1
BRDA:66,1,0,1
BRDA:75,2,0,1
BRDA:75,3,0,0
BRDA:75,3,1,3
BRDA:75,4,0,3
BRDA:75,4,1,3
BRDA:94,5,0,1
BRDA:122,6,0,0
BRDA:122,6,1,2
BRF:10
BRH:8
end_of_record
TN:
SF:src\controllers\users.controller.ts
FN:16,(anonymous_9)
FN:19,(anonymous_10)
FN:48,(anonymous_11)
FN:48,(anonymous_12)
FN:70,(anonymous_13)
FN:73,(anonymous_14)
FN:125,(anonymous_15)
FN:125,(anonymous_16)
FN:142,(anonymous_17)
FN:142,(anonymous_18)
FNF:10
FNH:10
FNDA:2,(anonymous_9)
FNDA:2,(anonymous_10)
FNDA:2,(anonymous_11)
FNDA:2,(anonymous_12)
FNDA:5,(anonymous_13)
FNDA:5,(anonymous_14)
FNDA:2,(anonymous_15)
FNDA:2,(anonymous_16)
FNDA:2,(anonymous_17)
FNDA:2,(anonymous_18)
DA:2,1
DA:3,1
DA:11,1
DA:13,1
DA:14,1
DA:16,1
DA:19,2
DA:20,2
DA:22,2
DA:23,2
DA:45,2
DA:48,2
DA:49,2
DA:51,2
DA:52,2
DA:65,2
DA:67,1
DA:70,1
DA:73,5
DA:74,5
DA:85,5
DA:87,5
DA:88,5
DA:90,5
DA:92,4
DA:93,2
DA:102,2
DA:105,3
DA:109,3
DA:110,3
DA:111,3
DA:112,3
DA:113,3
DA:114,3
DA:115,3
DA:116,3
DA:117,3
DA:119,3
DA:120,3
DA:122,3
DA:125,2
DA:126,2
DA:128,2
DA:129,2
DA:131,2
DA:133,1
DA:137,1
DA:139,1
DA:142,2
DA:143,2
DA:145,2
DA:146,2
DA:148,2
DA:150,1
DA:157,1
DA:159,1
DA:163,1
DA:165,1
LF:58
LH:58
BRDA:24,0,0,1
BRDA:24,0,1,1
BRDA:65,1,0,1
BRDA:90,2,0,1
BRDA:92,3,0,2
BRDA:92,4,0,4
BRDA:92,4,1,2
BRDA:102,5,0,1
BRDA:109,6,0,2
BRDA:110,7,0,1
BRDA:111,8,0,1
BRDA:112,9,0,1
BRDA:113,10,0,1
BRDA:114,11,0,1
BRDA:115,12,0,1
BRDA:116,13,0,2
BRDA:116,14,0,1
BRDA:116,14,1,1
BRDA:117,15,0,1
BRDA:131,16,0,1
BRDA:148,17,0,1
BRF:21
BRH:21
end_of_record
TN:
SF:src\models\mariadb\address.ts
FN:42,(anonymous_0)
FNF:1
FNH:1
FNDA:1,(anonymous_0)
DA:2,1
DA:20,1
DA:43,1
LF:3
LH:3
BRF:0
BRH:0
end_of_record
TN:
SF:src\models\mariadb\ban_case.ts
FN:46,(anonymous_0)
FNF:1
FNH:1
FNDA:1,(anonymous_0)
DA:2,1
DA:23,1
DA:47,1
LF:3
LH:3
BRF:0
BRH:0
end_of_record
TN:
SF:src\models\mariadb\banner.ts
FN:39,(anonymous_0)
FNF:1
FNH:1
FNDA:1,(anonymous_0)
DA:2,1
DA:24,1
DA:40,1
LF:3
LH:3
BRF:0
BRH:0
end_of_record
TN:
SF:src\models\mariadb\category.ts
FN:36,(anonymous_0)
FNF:1
FNH:1
FNDA:1,(anonymous_0)
DA:2,1
DA:17,1
DA:37,1
LF:3
LH:3
BRF:0
BRH:0
end_of_record
TN:
SF:src\models\mariadb\init-models.ts
FN:26,(anonymous_0)
FN:27,(anonymous_1)
FN:28,(anonymous_2)
FN:29,(anonymous_3)
FN:30,(anonymous_4)
FN:31,(anonymous_5)
FN:32,(anonymous_6)
FN:33,(anonymous_7)
FN:34,(anonymous_8)
FN:35,(anonymous_9)
FN:36,(anonymous_10)
FN:64,initModels
FNF:12
FNH:1
FNDA:0,(anonymous_0)
FNDA:0,(anonymous_1)
FNDA:0,(anonymous_2)
FNDA:0,(anonymous_3)
FNDA:0,(anonymous_4)
FNDA:0,(anonymous_5)
FNDA:0,(anonymous_6)
FNDA:0,(anonymous_7)
FNDA:0,(anonymous_8)
FNDA:0,(anonymous_9)
FNDA:0,(anonymous_10)
FNDA:1,initModels
DA:2,1
DA:4,1
DA:6,1
DA:8,1
DA:10,1
DA:12,1
DA:14,1
DA:16,1
DA:18,1
DA:20,1
DA:22,1
DA:26,1
DA:27,1
DA:28,1
DA:29,1
DA:30,1
DA:31,1
DA:32,1
DA:33,1
DA:34,1
DA:35,1
DA:36,1
DA:64,1
DA:65,1
DA:66,1
DA:67,1
DA:68,1
DA:69,1
DA:70,1
DA:71,1
DA:72,1
DA:73,1
DA:74,1
DA:75,1
DA:77,1
DA:78,1
DA:79,1
DA:80,1
DA:81,1
DA:82,1
DA:83,1
DA:84,1
DA:85,1
DA:86,1
DA:87,1
DA:88,1
DA:89,1
DA:90,1
DA:91,1
DA:92,1
DA:94,1
LF:51
LH:51
BRF:0
BRH:0
end_of_record
TN:
SF:src\models\mariadb\order.ts
FN:50,(anonymous_0)
FNF:1
FNH:1
FNDA:1,(anonymous_0)
DA:2,1
DA:22,1
DA:51,1
LF:3
LH:3
BRF:0
BRH:0
end_of_record
TN:
SF:src\models\mariadb\order_item.ts
FN:36,(anonymous_0)
FNF:1
FNH:1
FNDA:1,(anonymous_0)
DA:2,1
DA:18,1
DA:37,1
LF:3
LH:3
BRF:0
BRH:0
end_of_record
TN:
SF:src\models\mariadb\payment_method.ts
FN:25,(anonymous_0)
FNF:1
FNH:1
FNDA:1,(anonymous_0)
DA:2,1
DA:17,1
DA:26,1
LF:3
LH:3
BRF:0
BRH:0
end_of_record
TN:
SF:src\models\mariadb\product.ts
FN:97,(anonymous_0)
FNF:1
FNH:1
FNDA:1,(anonymous_0)
DA:2,1
DA:40,1
DA:98,1
LF:3
LH:3
BRF:0
BRH:0
end_of_record
TN:
SF:src\models\mariadb\product_image.ts
FN:25,(anonymous_0)
FNF:1
FNH:1
FNDA:1,(anonymous_0)
DA:2,1
DA:17,1
DA:26,1
LF:3
LH:3
BRF:0
BRH:0
end_of_record
TN:
SF:src\models\mariadb\review.ts
FN:39,(anonymous_0)
FNF:1
FNH:1
FNDA:1,(anonymous_0)
DA:2,1
DA:20,1
DA:40,1
LF:3
LH:3
BRF:0
BRH:0
end_of_record
TN:
SF:src\models\mariadb\user.ts
FN:94,(anonymous_9)
FNF:1
FNH:1
FNDA:1,(anonymous_9)
DA:1,1
DA:2,1
DA:36,1
DA:95,1
LF:4
LH:4
BRF:0
BRH:0
end_of_record
TN:
SF:src\services\sequelize-service.ts
FN:19,(anonymous_8)
FN:26,(anonymous_9)
FN:32,(anonymous_11)
FN:42,(anonymous_12)
FN:51,(anonymous_14)
FN:90,(anonymous_16)
FN:103,(anonymous_18)
FN:111,(anonymous_20)
FNF:8
FNH:8
FNDA:4,(anonymous_8)
FNDA:6,(anonymous_9)
FNDA:1,(anonymous_11)
FNDA:5,(anonymous_12)
FNDA:5,(anonymous_14)
FNDA:5,(anonymous_16)
FNDA:1,(anonymous_18)
FNDA:4,(anonymous_20)
DA:1,5
DA:2,5
DA:4,5
DA:5,5
DA:6,5
DA:8,5
DA:13,4
DA:20,4
DA:21,4
DA:22,4
DA:23,4
DA:27,6
DA:28,4
DA:31,6
DA:32,5
DA:33,1
DA:34,1
DA:36,5
DA:39,5
DA:43,5
DA:44,0
DA:47,5
DA:48,5
DA:52,5
DA:54,5
DA:71,5
DA:72,1
DA:79,5
DA:86,5
DA:87,5
DA:91,5
DA:92,5
DA:93,4
DA:97,1
DA:98,1
DA:99,1
DA:104,1
DA:105,1
DA:106,1
DA:107,1
DA:112,4
LF:41
LH:40
BRDA:22,0,0,1
BRDA:22,0,1,3
BRDA:22,1,0,4
BRDA:22,1,1,4
BRDA:23,2,0,4
BRDA:23,2,1,3
BRDA:27,3,0,4
BRDA:31,4,0,5
BRDA:32,5,0,0
BRDA:32,5,1,5
BRDA:32,6,0,5
BRDA:32,6,1,5
BRDA:43,7,0,0
BRDA:71,8,0,1
BRDA:104,9,0,1
BRF:15
BRH:13
end_of_record
TN:
SF:src\utils\geo-helper.ts
FN:3,(anonymous_1)
FNF:1
FNH:1
FNDA:2,(anonymous_1)
DA:1,1
DA:3,1
DA:4,2
DA:5,2
LF:4
LH:4
BRDA:4,0,0,2
BRDA:4,0,1,0
BRDA:4,1,0,2
BRDA:4,1,1,2
BRDA:5,2,0,1
BRDA:5,2,1,1
BRF:6
BRH:5
end_of_record
TN:
SF:src\utils\session-helper.ts
FN:4,(anonymous_0)
FNF:1
FNH:1
FNDA:1,(anonymous_0)
DA:1,1
DA:4,1
DA:5,1
DA:6,1
LF:4
LH:4
BRDA:5,0,0,1
BRDA:5,0,1,0
BRDA:5,1,0,1
BRDA:5,1,1,1
BRDA:5,2,0,0
BRDA:5,2,1,1
BRDA:5,3,0,1
BRDA:5,3,1,1
BRF:8
BRH:6
end_of_record
